[ 2017-05-16T12:32:22+08:00 ] 127.0.0.1 /student.php/Index
INFO: [ route_check ] --START--
INFO: CheckRoute Behavior ::run [ RunTime:0.000756s ]
INFO: [ route_check ] --END-- [ RunTime:0.000801s ]
NOTIC: [8192] preg_replace(): The /e modifier is deprecated, use preg_replace_callback instead G:\LocalWeb\ThinkPHP3.1\Lib\Core\Dispatcher.class.php 第 132 行.
INFO: [ app_begin ] --START--
INFO: ReadHtmlCache Behavior ::run [ RunTime:0.000454s ]
INFO: [ app_begin ] --END-- [ RunTime:0.000489s ]
ERR: 非法操作:index

[ 2017-05-16T12:34:37+08:00 ] 127.0.0.1 /student.php/Index
INFO: [ route_check ] --START--
INFO: CheckRoute Behavior ::run [ RunTime:0.000438s ]
INFO: [ route_check ] --END-- [ RunTime:0.000489s ]
NOTIC: [8192] preg_replace(): The /e modifier is deprecated, use preg_replace_callback instead G:\LocalWeb\ThinkPHP3.1\Lib\Core\Dispatcher.class.php 第 132 行.
INFO: [ app_begin ] --START--
INFO: ReadHtmlCache Behavior ::run [ RunTime:0.000327s ]
INFO: [ app_begin ] --END-- [ RunTime:0.000363s ]
ERR: 非法操作:index

[ 2017-05-16T12:34:52+08:00 ] 127.0.0.1 /student.php/Index/addCourse
INFO: [ route_check ] --START--
INFO: CheckRoute Behavior ::run [ RunTime:0.000506s ]
INFO: [ route_check ] --END-- [ RunTime:0.000557s ]
NOTIC: [8192] preg_replace(): The /e modifier is deprecated, use preg_replace_callback instead G:\LocalWeb\ThinkPHP3.1\Lib\Core\Dispatcher.class.php 第 132 行.
INFO: [ app_begin ] --START--
INFO: ReadHtmlCache Behavior ::run [ RunTime:0.000386s ]
INFO: [ app_begin ] --END-- [ RunTime:0.000419s ]
NOTIC: [8192] mysql_connect(): The mysql extension is deprecated and will be removed in the future: use mysqli or PDO instead G:\LocalWeb\ThinkPHP3.1\Lib\Driver\Db\DbMysql.class.php 第 55 行.
SQL: SHOW COLUMNS FROM `tsc_student` [ RunTime:0.027208s ]
NOTIC: [8192] preg_replace(): The /e modifier is deprecated, use preg_replace_callback instead G:\LocalWeb\ThinkPHP3.1\Lib\Core\Db.class.php 第 604 行.
SQL: SELECT `id` FROM `tsc_student` WHERE ( username="www" and password="96e79218965eb72c92a549dd5a330112" ) LIMIT 1   [ RunTime:0.000233s ]

[ 2017-05-16T12:35:03+08:00 ] 127.0.0.1 /student.php/Index/addCourse
INFO: [ route_check ] --START--
INFO: CheckRoute Behavior ::run [ RunTime:0.000436s ]
INFO: [ route_check ] --END-- [ RunTime:0.000485s ]
NOTIC: [8192] preg_replace(): The /e modifier is deprecated, use preg_replace_callback instead G:\LocalWeb\ThinkPHP3.1\Lib\Core\Dispatcher.class.php 第 132 行.
INFO: [ app_begin ] --START--
INFO: ReadHtmlCache Behavior ::run [ RunTime:0.000347s ]
INFO: [ app_begin ] --END-- [ RunTime:0.000381s ]
NOTIC: [8192] mysql_connect(): The mysql extension is deprecated and will be removed in the future: use mysqli or PDO instead G:\LocalWeb\ThinkPHP3.1\Lib\Driver\Db\DbMysql.class.php 第 55 行.
SQL: SHOW COLUMNS FROM `tsc_student` [ RunTime:0.002142s ]
NOTIC: [8192] preg_replace(): The /e modifier is deprecated, use preg_replace_callback instead G:\LocalWeb\ThinkPHP3.1\Lib\Core\Db.class.php 第 604 行.
SQL: SELECT `id` FROM `tsc_student` WHERE ( username="test" and password="e10adc3949ba59abbe56e057f20f883e" ) LIMIT 1   [ RunTime:0.000197s ]

[ 2017-05-16T12:35:30+08:00 ] 127.0.0.1 /student.php/Index/addCourse
INFO: [ route_check ] --START--
INFO: CheckRoute Behavior ::run [ RunTime:0.000426s ]
INFO: [ route_check ] --END-- [ RunTime:0.000473s ]
NOTIC: [8192] preg_replace(): The /e modifier is deprecated, use preg_replace_callback instead G:\LocalWeb\ThinkPHP3.1\Lib\Core\Dispatcher.class.php 第 132 行.
INFO: [ app_begin ] --START--
INFO: ReadHtmlCache Behavior ::run [ RunTime:0.000332s ]
INFO: [ app_begin ] --END-- [ RunTime:0.000365s ]
NOTIC: [8192] mysql_connect(): The mysql extension is deprecated and will be removed in the future: use mysqli or PDO instead G:\LocalWeb\ThinkPHP3.1\Lib\Driver\Db\DbMysql.class.php 第 55 行.
SQL: SHOW COLUMNS FROM `tsc_student` [ RunTime:0.002693s ]
NOTIC: [8192] preg_replace(): The /e modifier is deprecated, use preg_replace_callback instead G:\LocalWeb\ThinkPHP3.1\Lib\Core\Db.class.php 第 604 行.
SQL: SELECT `id` FROM `tsc_student` WHERE ( username="test" and password="e10adc3949ba59abbe56e057f20f883e" ) LIMIT 1   [ RunTime:0.000275s ]

[ 2017-05-16T12:35:31+08:00 ] 127.0.0.1 /student.php/Index/addCourse
INFO: [ route_check ] --START--
INFO: CheckRoute Behavior ::run [ RunTime:0.000486s ]
INFO: [ route_check ] --END-- [ RunTime:0.000549s ]
NOTIC: [8192] preg_replace(): The /e modifier is deprecated, use preg_replace_callback instead G:\LocalWeb\ThinkPHP3.1\Lib\Core\Dispatcher.class.php 第 132 行.
INFO: [ app_begin ] --START--
INFO: ReadHtmlCache Behavior ::run [ RunTime:0.000346s ]
INFO: [ app_begin ] --END-- [ RunTime:0.000381s ]
NOTIC: [8192] mysql_connect(): The mysql extension is deprecated and will be removed in the future: use mysqli or PDO instead G:\LocalWeb\ThinkPHP3.1\Lib\Driver\Db\DbMysql.class.php 第 55 行.
SQL: SHOW COLUMNS FROM `tsc_student` [ RunTime:0.002930s ]
NOTIC: [8192] preg_replace(): The /e modifier is deprecated, use preg_replace_callback instead G:\LocalWeb\ThinkPHP3.1\Lib\Core\Db.class.php 第 604 行.
SQL: SELECT `id` FROM `tsc_student` WHERE ( username="test" and password="e10adc3949ba59abbe56e057f20f883e" ) LIMIT 1   [ RunTime:0.000189s ]

[ 2017-05-16T12:35:32+08:00 ] 127.0.0.1 /student.php/Index/addCourse
INFO: [ route_check ] --START--
INFO: CheckRoute Behavior ::run [ RunTime:0.000437s ]
INFO: [ route_check ] --END-- [ RunTime:0.000486s ]
NOTIC: [8192] preg_replace(): The /e modifier is deprecated, use preg_replace_callback instead G:\LocalWeb\ThinkPHP3.1\Lib\Core\Dispatcher.class.php 第 132 行.
INFO: [ app_begin ] --START--
INFO: ReadHtmlCache Behavior ::run [ RunTime:0.000322s ]
INFO: [ app_begin ] --END-- [ RunTime:0.000354s ]
NOTIC: [8192] mysql_connect(): The mysql extension is deprecated and will be removed in the future: use mysqli or PDO instead G:\LocalWeb\ThinkPHP3.1\Lib\Driver\Db\DbMysql.class.php 第 55 行.
SQL: SHOW COLUMNS FROM `tsc_student` [ RunTime:0.002042s ]
NOTIC: [8192] preg_replace(): The /e modifier is deprecated, use preg_replace_callback instead G:\LocalWeb\ThinkPHP3.1\Lib\Core\Db.class.php 第 604 行.
SQL: SELECT `id` FROM `tsc_student` WHERE ( username="test" and password="e10adc3949ba59abbe56e057f20f883e" ) LIMIT 1   [ RunTime:0.000143s ]

[ 2017-05-16T12:35:38+08:00 ] 127.0.0.1 /student.php/Index/addCourse
INFO: [ route_check ] --START--
INFO: CheckRoute Behavior ::run [ RunTime:0.000474s ]
INFO: [ route_check ] --END-- [ RunTime:0.000540s ]
NOTIC: [8192] preg_replace(): The /e modifier is deprecated, use preg_replace_callback instead G:\LocalWeb\ThinkPHP3.1\Lib\Core\Dispatcher.class.php 第 132 行.
INFO: [ app_begin ] --START--
INFO: ReadHtmlCache Behavior ::run [ RunTime:0.000344s ]
INFO: [ app_begin ] --END-- [ RunTime:0.000374s ]
NOTIC: [8192] mysql_connect(): The mysql extension is deprecated and will be removed in the future: use mysqli or PDO instead G:\LocalWeb\ThinkPHP3.1\Lib\Driver\Db\DbMysql.class.php 第 55 行.
SQL: SHOW COLUMNS FROM `tsc_course` [ RunTime:0.053658s ]
NOTIC: [8192] preg_replace(): The /e modifier is deprecated, use preg_replace_callback instead G:\LocalWeb\ThinkPHP3.1\Lib\Core\Db.class.php 第 604 行.
SQL: SELECT * FROM `tsc_course` WHERE ( `id` = 1 ) LIMIT 1   [ RunTime:0.000227s ]
SQL: SHOW COLUMNS FROM `tsc_selected` [ RunTime:0.028288s ]
SQL: INSERT INTO `tsc_selected` (`cid`,`sid`,`datetime`) VALUES (1,1,'2017-05-16 12:35:37') [ RunTime:0.048551s ]
ERR: 1062:Duplicate entry '1-1' for key 'unique selected'
 [ SQL语句 ] : INSERT INTO `tsc_selected` (`cid`,`sid`,`datetime`) VALUES (1,1,'2017-05-16 12:35:37')

[ 2017-05-16T12:35:40+08:00 ] 127.0.0.1 /student.php/Index/addCourse
INFO: [ route_check ] --START--
INFO: CheckRoute Behavior ::run [ RunTime:0.000437s ]
INFO: [ route_check ] --END-- [ RunTime:0.000485s ]
NOTIC: [8192] preg_replace(): The /e modifier is deprecated, use preg_replace_callback instead G:\LocalWeb\ThinkPHP3.1\Lib\Core\Dispatcher.class.php 第 132 行.
INFO: [ app_begin ] --START--
INFO: ReadHtmlCache Behavior ::run [ RunTime:0.000354s ]
INFO: [ app_begin ] --END-- [ RunTime:0.000386s ]
NOTIC: [8192] mysql_connect(): The mysql extension is deprecated and will be removed in the future: use mysqli or PDO instead G:\LocalWeb\ThinkPHP3.1\Lib\Driver\Db\DbMysql.class.php 第 55 行.
SQL: SHOW COLUMNS FROM `tsc_course` [ RunTime:0.007655s ]
NOTIC: [8192] preg_replace(): The /e modifier is deprecated, use preg_replace_callback instead G:\LocalWeb\ThinkPHP3.1\Lib\Core\Db.class.php 第 604 行.
SQL: SELECT * FROM `tsc_course` WHERE ( `id` = 2 ) LIMIT 1   [ RunTime:0.000197s ]

[ 2017-05-16T12:36:28+08:00 ] 127.0.0.1 /student.php/Index/addCourse
INFO: [ route_check ] --START--
INFO: CheckRoute Behavior ::run [ RunTime:0.001128s ]
INFO: [ route_check ] --END-- [ RunTime:0.001211s ]
NOTIC: [8192] preg_replace(): The /e modifier is deprecated, use preg_replace_callback instead G:\LocalWeb\ThinkPHP3.1\Lib\Core\Dispatcher.class.php 第 132 行.
INFO: [ app_begin ] --START--
INFO: ReadHtmlCache Behavior ::run [ RunTime:0.000707s ]
INFO: [ app_begin ] --END-- [ RunTime:0.000748s ]
NOTIC: [8192] mysql_connect(): The mysql extension is deprecated and will be removed in the future: use mysqli or PDO instead G:\LocalWeb\ThinkPHP3.1\Lib\Driver\Db\DbMysql.class.php 第 55 行.
SQL: SHOW COLUMNS FROM `tsc_student` [ RunTime:0.002148s ]
NOTIC: [8192] preg_replace(): The /e modifier is deprecated, use preg_replace_callback instead G:\LocalWeb\ThinkPHP3.1\Lib\Core\Db.class.php 第 604 行.
SQL: SELECT `id` FROM `tsc_student` WHERE ( username="student" and password="e10adc3949ba59abbe56e057f20f883e" ) LIMIT 1   [ RunTime:0.000188s ]

[ 2017-05-16T12:36:30+08:00 ] 127.0.0.1 /student.php/Index/addCourse
INFO: [ route_check ] --START--
INFO: CheckRoute Behavior ::run [ RunTime:0.000429s ]
INFO: [ route_check ] --END-- [ RunTime:0.000477s ]
NOTIC: [8192] preg_replace(): The /e modifier is deprecated, use preg_replace_callback instead G:\LocalWeb\ThinkPHP3.1\Lib\Core\Dispatcher.class.php 第 132 行.
INFO: [ app_begin ] --START--
INFO: ReadHtmlCache Behavior ::run [ RunTime:0.000410s ]
INFO: [ app_begin ] --END-- [ RunTime:0.000455s ]
NOTIC: [8192] mysql_connect(): The mysql extension is deprecated and will be removed in the future: use mysqli or PDO instead G:\LocalWeb\ThinkPHP3.1\Lib\Driver\Db\DbMysql.class.php 第 55 行.
SQL: SHOW COLUMNS FROM `tsc_course` [ RunTime:0.002072s ]
NOTIC: [8192] preg_replace(): The /e modifier is deprecated, use preg_replace_callback instead G:\LocalWeb\ThinkPHP3.1\Lib\Core\Db.class.php 第 604 行.
SQL: SELECT * FROM `tsc_course` WHERE ( `id` = 1 ) LIMIT 1   [ RunTime:0.000248s ]
SQL: SHOW COLUMNS FROM `tsc_selected` [ RunTime:0.020378s ]
SQL: INSERT INTO `tsc_selected` (`cid`,`sid`,`datetime`) VALUES (1,2,'2017-05-16 12:36:30') [ RunTime:0.065086s ]

[ 2017-05-16T13:37:52+08:00 ] 127.0.0.1 /student.php/Index/getChapterList
INFO: [ route_check ] --START--
INFO: CheckRoute Behavior ::run [ RunTime:0.001301s ]
INFO: [ route_check ] --END-- [ RunTime:0.001361s ]
NOTIC: [8192] preg_replace(): The /e modifier is deprecated, use preg_replace_callback instead G:\LocalWeb\ThinkPHP3.1\Lib\Core\Dispatcher.class.php 第 132 行.
INFO: [ app_begin ] --START--
INFO: ReadHtmlCache Behavior ::run [ RunTime:0.000613s ]
INFO: [ app_begin ] --END-- [ RunTime:0.000652s ]
NOTIC: [8192] mysql_connect(): The mysql extension is deprecated and will be removed in the future: use mysqli or PDO instead G:\LocalWeb\ThinkPHP3.1\Lib\Driver\Db\DbMysql.class.php 第 55 行.
SQL: SHOW COLUMNS FROM `tsc_chapter` [ RunTime:0.002470s ]
NOTIC: [8192] preg_replace(): The /e modifier is deprecated, use preg_replace_callback instead G:\LocalWeb\ThinkPHP3.1\Lib\Core\Db.class.php 第 604 行.
SQL: SELECT * FROM `tsc_chapter` WHERE ( cid=1 and pid=2 )  [ RunTime:0.000209s ]

[ 2017-05-16T13:37:59+08:00 ] 127.0.0.1 /student.php/Index/getChapterList
INFO: [ route_check ] --START--
INFO: CheckRoute Behavior ::run [ RunTime:0.000432s ]
INFO: [ route_check ] --END-- [ RunTime:0.000481s ]
NOTIC: [8192] preg_replace(): The /e modifier is deprecated, use preg_replace_callback instead G:\LocalWeb\ThinkPHP3.1\Lib\Core\Dispatcher.class.php 第 132 行.
INFO: [ app_begin ] --START--
INFO: ReadHtmlCache Behavior ::run [ RunTime:0.000327s ]
INFO: [ app_begin ] --END-- [ RunTime:0.000358s ]

[ 2017-05-16T13:38:01+08:00 ] 127.0.0.1 /student.php/Index/getChapterList
INFO: [ route_check ] --START--
INFO: CheckRoute Behavior ::run [ RunTime:0.000428s ]
INFO: [ route_check ] --END-- [ RunTime:0.000483s ]
NOTIC: [8192] preg_replace(): The /e modifier is deprecated, use preg_replace_callback instead G:\LocalWeb\ThinkPHP3.1\Lib\Core\Dispatcher.class.php 第 132 行.
INFO: [ app_begin ] --START--
INFO: ReadHtmlCache Behavior ::run [ RunTime:0.000340s ]
INFO: [ app_begin ] --END-- [ RunTime:0.000372s ]

[ 2017-05-16T13:43:45+08:00 ] 127.0.0.1 /student.php/Index/getChapterList
INFO: [ route_check ] --START--
INFO: CheckRoute Behavior ::run [ RunTime:0.000913s ]
INFO: [ route_check ] --END-- [ RunTime:0.001011s ]
NOTIC: [8192] preg_replace(): The /e modifier is deprecated, use preg_replace_callback instead G:\LocalWeb\ThinkPHP3.1\Lib\Core\Dispatcher.class.php 第 132 行.
INFO: [ app_begin ] --START--
INFO: ReadHtmlCache Behavior ::run [ RunTime:0.000457s ]
INFO: [ app_begin ] --END-- [ RunTime:0.000492s ]
NOTIC: [8192] mysql_connect(): The mysql extension is deprecated and will be removed in the future: use mysqli or PDO instead G:\LocalWeb\ThinkPHP3.1\Lib\Driver\Db\DbMysql.class.php 第 55 行.
SQL: SHOW COLUMNS FROM `tsc_chapter` [ RunTime:0.002024s ]
NOTIC: [8192] preg_replace(): The /e modifier is deprecated, use preg_replace_callback instead G:\LocalWeb\ThinkPHP3.1\Lib\Core\Db.class.php 第 604 行.
SQL: SELECT * FROM `tsc_chapter` WHERE ( cid=1 and pid=0 )  [ RunTime:0.000266s ]
NOTIC: [8192] preg_replace(): The /e modifier is deprecated, use preg_replace_callback instead G:\LocalWeb\ThinkPHP3.1\Lib\Core\Db.class.php 第 604 行.
SQL: SELECT * FROM `tsc_chapter` WHERE ( cid=1 and pid=1 )  [ RunTime:0.000201s ]
NOTIC: [8192] preg_replace(): The /e modifier is deprecated, use preg_replace_callback instead G:\LocalWeb\ThinkPHP3.1\Lib\Core\Db.class.php 第 604 行.
SQL: SELECT * FROM `tsc_chapter` WHERE ( cid=1 and pid=2 )  [ RunTime:0.000177s ]
NOTIC: [8192] preg_replace(): The /e modifier is deprecated, use preg_replace_callback instead G:\LocalWeb\ThinkPHP3.1\Lib\Core\Db.class.php 第 604 行.
SQL: SELECT * FROM `tsc_chapter` WHERE ( cid=1 and pid=3 )  [ RunTime:0.000170s ]
NOTIC: [8192] preg_replace(): The /e modifier is deprecated, use preg_replace_callback instead G:\LocalWeb\ThinkPHP3.1\Lib\Core\Db.class.php 第 604 行.
SQL: SELECT * FROM `tsc_chapter` WHERE ( cid=1 and pid=4 )  [ RunTime:0.000179s ]
NOTIC: [8192] preg_replace(): The /e modifier is deprecated, use preg_replace_callback instead G:\LocalWeb\ThinkPHP3.1\Lib\Core\Db.class.php 第 604 行.
SQL: SELECT * FROM `tsc_chapter` WHERE ( cid=1 and pid=5 )  [ RunTime:0.000175s ]

[ 2017-05-16T13:43:54+08:00 ] 127.0.0.1 /student.php/Index/getChapterList
INFO: [ route_check ] --START--
INFO: CheckRoute Behavior ::run [ RunTime:0.000425s ]
INFO: [ route_check ] --END-- [ RunTime:0.000470s ]
NOTIC: [8192] preg_replace(): The /e modifier is deprecated, use preg_replace_callback instead G:\LocalWeb\ThinkPHP3.1\Lib\Core\Dispatcher.class.php 第 132 行.
INFO: [ app_begin ] --START--
INFO: ReadHtmlCache Behavior ::run [ RunTime:0.000322s ]
INFO: [ app_begin ] --END-- [ RunTime:0.000352s ]
NOTIC: [8192] mysql_connect(): The mysql extension is deprecated and will be removed in the future: use mysqli or PDO instead G:\LocalWeb\ThinkPHP3.1\Lib\Driver\Db\DbMysql.class.php 第 55 行.
SQL: SHOW COLUMNS FROM `tsc_chapter` [ RunTime:0.002241s ]
NOTIC: [8192] preg_replace(): The /e modifier is deprecated, use preg_replace_callback instead G:\LocalWeb\ThinkPHP3.1\Lib\Core\Db.class.php 第 604 行.
SQL: SELECT * FROM `tsc_chapter` WHERE ( cid=1 and pid=0 )  [ RunTime:0.000163s ]
NOTIC: [8192] preg_replace(): The /e modifier is deprecated, use preg_replace_callback instead G:\LocalWeb\ThinkPHP3.1\Lib\Core\Db.class.php 第 604 行.
SQL: SELECT * FROM `tsc_chapter` WHERE ( cid=1 and pid=1 )  [ RunTime:0.000111s ]
NOTIC: [8192] preg_replace(): The /e modifier is deprecated, use preg_replace_callback instead G:\LocalWeb\ThinkPHP3.1\Lib\Core\Db.class.php 第 604 行.
SQL: SELECT * FROM `tsc_chapter` WHERE ( cid=1 and pid=2 )  [ RunTime:0.000107s ]
NOTIC: [8192] preg_replace(): The /e modifier is deprecated, use preg_replace_callback instead G:\LocalWeb\ThinkPHP3.1\Lib\Core\Db.class.php 第 604 行.
SQL: SELECT * FROM `tsc_chapter` WHERE ( cid=1 and pid=3 )  [ RunTime:0.000104s ]
NOTIC: [8192] preg_replace(): The /e modifier is deprecated, use preg_replace_callback instead G:\LocalWeb\ThinkPHP3.1\Lib\Core\Db.class.php 第 604 行.
SQL: SELECT * FROM `tsc_chapter` WHERE ( cid=1 and pid=4 )  [ RunTime:0.000104s ]
NOTIC: [8192] preg_replace(): The /e modifier is deprecated, use preg_replace_callback instead G:\LocalWeb\ThinkPHP3.1\Lib\Core\Db.class.php 第 604 行.
SQL: SELECT * FROM `tsc_chapter` WHERE ( cid=1 and pid=5 )  [ RunTime:0.000099s ]

[ 2017-05-16T13:43:55+08:00 ] 127.0.0.1 /student.php/Index/getChapterList
INFO: [ route_check ] --START--
INFO: CheckRoute Behavior ::run [ RunTime:0.000463s ]
INFO: [ route_check ] --END-- [ RunTime:0.000510s ]
NOTIC: [8192] preg_replace(): The /e modifier is deprecated, use preg_replace_callback instead G:\LocalWeb\ThinkPHP3.1\Lib\Core\Dispatcher.class.php 第 132 行.
INFO: [ app_begin ] --START--
INFO: ReadHtmlCache Behavior ::run [ RunTime:0.000348s ]
INFO: [ app_begin ] --END-- [ RunTime:0.000381s ]
NOTIC: [8192] mysql_connect(): The mysql extension is deprecated and will be removed in the future: use mysqli or PDO instead G:\LocalWeb\ThinkPHP3.1\Lib\Driver\Db\DbMysql.class.php 第 55 行.
SQL: SHOW COLUMNS FROM `tsc_chapter` [ RunTime:0.002075s ]
NOTIC: [8192] preg_replace(): The /e modifier is deprecated, use preg_replace_callback instead G:\LocalWeb\ThinkPHP3.1\Lib\Core\Db.class.php 第 604 行.
SQL: SELECT * FROM `tsc_chapter` WHERE ( cid=1 and pid=0 )  [ RunTime:0.000211s ]
NOTIC: [8192] preg_replace(): The /e modifier is deprecated, use preg_replace_callback instead G:\LocalWeb\ThinkPHP3.1\Lib\Core\Db.class.php 第 604 行.
SQL: SELECT * FROM `tsc_chapter` WHERE ( cid=1 and pid=1 )  [ RunTime:0.000158s ]
NOTIC: [8192] preg_replace(): The /e modifier is deprecated, use preg_replace_callback instead G:\LocalWeb\ThinkPHP3.1\Lib\Core\Db.class.php 第 604 行.
SQL: SELECT * FROM `tsc_chapter` WHERE ( cid=1 and pid=2 )  [ RunTime:0.000159s ]
NOTIC: [8192] preg_replace(): The /e modifier is deprecated, use preg_replace_callback instead G:\LocalWeb\ThinkPHP3.1\Lib\Core\Db.class.php 第 604 行.
SQL: SELECT * FROM `tsc_chapter` WHERE ( cid=1 and pid=3 )  [ RunTime:0.000157s ]
NOTIC: [8192] preg_replace(): The /e modifier is deprecated, use preg_replace_callback instead G:\LocalWeb\ThinkPHP3.1\Lib\Core\Db.class.php 第 604 行.
SQL: SELECT * FROM `tsc_chapter` WHERE ( cid=1 and pid=4 )  [ RunTime:0.000161s ]
NOTIC: [8192] preg_replace(): The /e modifier is deprecated, use preg_replace_callback instead G:\LocalWeb\ThinkPHP3.1\Lib\Core\Db.class.php 第 604 行.
SQL: SELECT * FROM `tsc_chapter` WHERE ( cid=1 and pid=5 )  [ RunTime:0.000157s ]

[ 2017-05-16T13:43:58+08:00 ] 127.0.0.1 /student.php/Index/getChapterList
INFO: [ route_check ] --START--
INFO: CheckRoute Behavior ::run [ RunTime:0.000693s ]
INFO: [ route_check ] --END-- [ RunTime:0.000808s ]
NOTIC: [8192] preg_replace(): The /e modifier is deprecated, use preg_replace_callback instead G:\LocalWeb\ThinkPHP3.1\Lib\Core\Dispatcher.class.php 第 132 行.
INFO: [ app_begin ] --START--
INFO: ReadHtmlCache Behavior ::run [ RunTime:0.000430s ]
INFO: [ app_begin ] --END-- [ RunTime:0.000466s ]
NOTIC: [8192] mysql_connect(): The mysql extension is deprecated and will be removed in the future: use mysqli or PDO instead G:\LocalWeb\ThinkPHP3.1\Lib\Driver\Db\DbMysql.class.php 第 55 行.
SQL: SHOW COLUMNS FROM `tsc_chapter` [ RunTime:0.002074s ]
NOTIC: [8192] preg_replace(): The /e modifier is deprecated, use preg_replace_callback instead G:\LocalWeb\ThinkPHP3.1\Lib\Core\Db.class.php 第 604 行.
SQL: SELECT * FROM `tsc_chapter` WHERE ( cid=1 and pid=0 )  [ RunTime:0.000202s ]
NOTIC: [8192] preg_replace(): The /e modifier is deprecated, use preg_replace_callback instead G:\LocalWeb\ThinkPHP3.1\Lib\Core\Db.class.php 第 604 行.
SQL: SELECT * FROM `tsc_chapter` WHERE ( cid=1 and pid=1 )  [ RunTime:0.000161s ]
NOTIC: [8192] preg_replace(): The /e modifier is deprecated, use preg_replace_callback instead G:\LocalWeb\ThinkPHP3.1\Lib\Core\Db.class.php 第 604 行.
SQL: SELECT * FROM `tsc_chapter` WHERE ( cid=1 and pid=2 )  [ RunTime:0.000161s ]
NOTIC: [8192] preg_replace(): The /e modifier is deprecated, use preg_replace_callback instead G:\LocalWeb\ThinkPHP3.1\Lib\Core\Db.class.php 第 604 行.
SQL: SELECT * FROM `tsc_chapter` WHERE ( cid=1 and pid=3 )  [ RunTime:0.000165s ]
NOTIC: [8192] preg_replace(): The /e modifier is deprecated, use preg_replace_callback instead G:\LocalWeb\ThinkPHP3.1\Lib\Core\Db.class.php 第 604 行.
SQL: SELECT * FROM `tsc_chapter` WHERE ( cid=1 and pid=4 )  [ RunTime:0.000164s ]
NOTIC: [8192] preg_replace(): The /e modifier is deprecated, use preg_replace_callback instead G:\LocalWeb\ThinkPHP3.1\Lib\Core\Db.class.php 第 604 行.
SQL: SELECT * FROM `tsc_chapter` WHERE ( cid=1 and pid=5 )  [ RunTime:0.000160s ]

[ 2017-05-16T13:44:05+08:00 ] 127.0.0.1 /student.php/Index/getChapterList
INFO: [ route_check ] --START--
INFO: CheckRoute Behavior ::run [ RunTime:0.000627s ]
INFO: [ route_check ] --END-- [ RunTime:0.000699s ]
NOTIC: [8192] preg_replace(): The /e modifier is deprecated, use preg_replace_callback instead G:\LocalWeb\ThinkPHP3.1\Lib\Core\Dispatcher.class.php 第 132 行.
INFO: [ app_begin ] --START--
INFO: ReadHtmlCache Behavior ::run [ RunTime:0.000372s ]
INFO: [ app_begin ] --END-- [ RunTime:0.000414s ]

[ 2017-05-16T13:44:07+08:00 ] 127.0.0.1 /student.php/Index/getChapterList
INFO: [ route_check ] --START--
INFO: CheckRoute Behavior ::run [ RunTime:0.000588s ]
INFO: [ route_check ] --END-- [ RunTime:0.000648s ]
NOTIC: [8192] preg_replace(): The /e modifier is deprecated, use preg_replace_callback instead G:\LocalWeb\ThinkPHP3.1\Lib\Core\Dispatcher.class.php 第 132 行.
INFO: [ app_begin ] --START--
INFO: ReadHtmlCache Behavior ::run [ RunTime:0.000357s ]
INFO: [ app_begin ] --END-- [ RunTime:0.000389s ]
NOTIC: [8192] mysql_connect(): The mysql extension is deprecated and will be removed in the future: use mysqli or PDO instead G:\LocalWeb\ThinkPHP3.1\Lib\Driver\Db\DbMysql.class.php 第 55 行.
SQL: SHOW COLUMNS FROM `tsc_chapter` [ RunTime:0.002178s ]
NOTIC: [8192] preg_replace(): The /e modifier is deprecated, use preg_replace_callback instead G:\LocalWeb\ThinkPHP3.1\Lib\Core\Db.class.php 第 604 行.
SQL: SELECT * FROM `tsc_chapter` WHERE ( cid=1 and pid=0 )  [ RunTime:0.000175s ]
NOTIC: [8192] preg_replace(): The /e modifier is deprecated, use preg_replace_callback instead G:\LocalWeb\ThinkPHP3.1\Lib\Core\Db.class.php 第 604 行.
SQL: SELECT * FROM `tsc_chapter` WHERE ( cid=1 and pid=1 )  [ RunTime:0.000156s ]
NOTIC: [8192] preg_replace(): The /e modifier is deprecated, use preg_replace_callback instead G:\LocalWeb\ThinkPHP3.1\Lib\Core\Db.class.php 第 604 行.
SQL: SELECT * FROM `tsc_chapter` WHERE ( cid=1 and pid=2 )  [ RunTime:0.000151s ]
NOTIC: [8192] preg_replace(): The /e modifier is deprecated, use preg_replace_callback instead G:\LocalWeb\ThinkPHP3.1\Lib\Core\Db.class.php 第 604 行.
SQL: SELECT * FROM `tsc_chapter` WHERE ( cid=1 and pid=3 )  [ RunTime:0.000202s ]
NOTIC: [8192] preg_replace(): The /e modifier is deprecated, use preg_replace_callback instead G:\LocalWeb\ThinkPHP3.1\Lib\Core\Db.class.php 第 604 行.
SQL: SELECT * FROM `tsc_chapter` WHERE ( cid=1 and pid=4 )  [ RunTime:0.000163s ]
NOTIC: [8192] preg_replace(): The /e modifier is deprecated, use preg_replace_callback instead G:\LocalWeb\ThinkPHP3.1\Lib\Core\Db.class.php 第 604 行.
SQL: SELECT * FROM `tsc_chapter` WHERE ( cid=1 and pid=5 )  [ RunTime:0.000173s ]

[ 2017-05-16T13:44:09+08:00 ] 127.0.0.1 /student.php/Index/getChapterList
INFO: [ route_check ] --START--
INFO: CheckRoute Behavior ::run [ RunTime:0.000435s ]
INFO: [ route_check ] --END-- [ RunTime:0.000482s ]
NOTIC: [8192] preg_replace(): The /e modifier is deprecated, use preg_replace_callback instead G:\LocalWeb\ThinkPHP3.1\Lib\Core\Dispatcher.class.php 第 132 行.
INFO: [ app_begin ] --START--
INFO: ReadHtmlCache Behavior ::run [ RunTime:0.000328s ]
INFO: [ app_begin ] --END-- [ RunTime:0.000361s ]

[ 2017-05-16T13:44:11+08:00 ] 127.0.0.1 /student.php/Index/getChapterList
INFO: [ route_check ] --START--
INFO: CheckRoute Behavior ::run [ RunTime:0.000579s ]
INFO: [ route_check ] --END-- [ RunTime:0.000644s ]
NOTIC: [8192] preg_replace(): The /e modifier is deprecated, use preg_replace_callback instead G:\LocalWeb\ThinkPHP3.1\Lib\Core\Dispatcher.class.php 第 132 行.
INFO: [ app_begin ] --START--
INFO: ReadHtmlCache Behavior ::run [ RunTime:0.000333s ]
INFO: [ app_begin ] --END-- [ RunTime:0.000363s ]
NOTIC: [8192] mysql_connect(): The mysql extension is deprecated and will be removed in the future: use mysqli or PDO instead G:\LocalWeb\ThinkPHP3.1\Lib\Driver\Db\DbMysql.class.php 第 55 行.
SQL: SHOW COLUMNS FROM `tsc_chapter` [ RunTime:0.002301s ]
NOTIC: [8192] preg_replace(): The /e modifier is deprecated, use preg_replace_callback instead G:\LocalWeb\ThinkPHP3.1\Lib\Core\Db.class.php 第 604 行.
SQL: SELECT * FROM `tsc_chapter` WHERE ( cid=1 and pid=0 )  [ RunTime:0.000219s ]
NOTIC: [8192] preg_replace(): The /e modifier is deprecated, use preg_replace_callback instead G:\LocalWeb\ThinkPHP3.1\Lib\Core\Db.class.php 第 604 行.
SQL: SELECT * FROM `tsc_chapter` WHERE ( cid=1 and pid=1 )  [ RunTime:0.000183s ]
NOTIC: [8192] preg_replace(): The /e modifier is deprecated, use preg_replace_callback instead G:\LocalWeb\ThinkPHP3.1\Lib\Core\Db.class.php 第 604 行.
SQL: SELECT * FROM `tsc_chapter` WHERE ( cid=1 and pid=2 )  [ RunTime:0.000184s ]
NOTIC: [8192] preg_replace(): The /e modifier is deprecated, use preg_replace_callback instead G:\LocalWeb\ThinkPHP3.1\Lib\Core\Db.class.php 第 604 行.
SQL: SELECT * FROM `tsc_chapter` WHERE ( cid=1 and pid=3 )  [ RunTime:0.000177s ]
NOTIC: [8192] preg_replace(): The /e modifier is deprecated, use preg_replace_callback instead G:\LocalWeb\ThinkPHP3.1\Lib\Core\Db.class.php 第 604 行.
SQL: SELECT * FROM `tsc_chapter` WHERE ( cid=1 and pid=4 )  [ RunTime:0.000156s ]
NOTIC: [8192] preg_replace(): The /e modifier is deprecated, use preg_replace_callback instead G:\LocalWeb\ThinkPHP3.1\Lib\Core\Db.class.php 第 604 行.
SQL: SELECT * FROM `tsc_chapter` WHERE ( cid=1 and pid=5 )  [ RunTime:0.000158s ]

[ 2017-05-16T13:44:13+08:00 ] 127.0.0.1 /student.php/Index/getChapterList
INFO: [ route_check ] --START--
INFO: CheckRoute Behavior ::run [ RunTime:0.000438s ]
INFO: [ route_check ] --END-- [ RunTime:0.000485s ]
NOTIC: [8192] preg_replace(): The /e modifier is deprecated, use preg_replace_callback instead G:\LocalWeb\ThinkPHP3.1\Lib\Core\Dispatcher.class.php 第 132 行.
INFO: [ app_begin ] --START--
INFO: ReadHtmlCache Behavior ::run [ RunTime:0.000311s ]
INFO: [ app_begin ] --END-- [ RunTime:0.000342s ]
NOTIC: [8192] mysql_connect(): The mysql extension is deprecated and will be removed in the future: use mysqli or PDO instead G:\LocalWeb\ThinkPHP3.1\Lib\Driver\Db\DbMysql.class.php 第 55 行.
SQL: SHOW COLUMNS FROM `tsc_chapter` [ RunTime:0.002352s ]
NOTIC: [8192] preg_replace(): The /e modifier is deprecated, use preg_replace_callback instead G:\LocalWeb\ThinkPHP3.1\Lib\Core\Db.class.php 第 604 行.
SQL: SELECT * FROM `tsc_chapter` WHERE ( cid=12 and pid=0 )  [ RunTime:0.000191s ]

[ 2017-05-16T13:45:05+08:00 ] 127.0.0.1 /student.php/Index/getChapterList
INFO: [ route_check ] --START--
INFO: CheckRoute Behavior ::run [ RunTime:0.000616s ]
INFO: [ route_check ] --END-- [ RunTime:0.000672s ]
NOTIC: [8192] preg_replace(): The /e modifier is deprecated, use preg_replace_callback instead G:\LocalWeb\ThinkPHP3.1\Lib\Core\Dispatcher.class.php 第 132 行.
INFO: [ app_begin ] --START--
INFO: ReadHtmlCache Behavior ::run [ RunTime:0.000469s ]
INFO: [ app_begin ] --END-- [ RunTime:0.000508s ]
NOTIC: [8192] mysql_connect(): The mysql extension is deprecated and will be removed in the future: use mysqli or PDO instead G:\LocalWeb\ThinkPHP3.1\Lib\Driver\Db\DbMysql.class.php 第 55 行.
SQL: SHOW COLUMNS FROM `tsc_chapter` [ RunTime:0.002251s ]
NOTIC: [8192] preg_replace(): The /e modifier is deprecated, use preg_replace_callback instead G:\LocalWeb\ThinkPHP3.1\Lib\Core\Db.class.php 第 604 行.
SQL: SELECT * FROM `tsc_chapter` WHERE ( cid=1 and pid=0 )  [ RunTime:0.000199s ]
NOTIC: [8192] preg_replace(): The /e modifier is deprecated, use preg_replace_callback instead G:\LocalWeb\ThinkPHP3.1\Lib\Core\Db.class.php 第 604 行.
SQL: SELECT * FROM `tsc_chapter` WHERE ( cid=1 and pid=1 )  [ RunTime:0.000128s ]
NOTIC: [8192] preg_replace(): The /e modifier is deprecated, use preg_replace_callback instead G:\LocalWeb\ThinkPHP3.1\Lib\Core\Db.class.php 第 604 行.
SQL: SELECT * FROM `tsc_chapter` WHERE ( cid=1 and pid=6 )  [ RunTime:0.000124s ]
NOTIC: [8192] preg_replace(): The /e modifier is deprecated, use preg_replace_callback instead G:\LocalWeb\ThinkPHP3.1\Lib\Core\Db.class.php 第 604 行.
SQL: SELECT * FROM `tsc_chapter` WHERE ( cid=1 and pid=2 )  [ RunTime:0.000115s ]
NOTIC: [8192] preg_replace(): The /e modifier is deprecated, use preg_replace_callback instead G:\LocalWeb\ThinkPHP3.1\Lib\Core\Db.class.php 第 604 行.
SQL: SELECT * FROM `tsc_chapter` WHERE ( cid=1 and pid=3 )  [ RunTime:0.000118s ]
NOTIC: [8192] preg_replace(): The /e modifier is deprecated, use preg_replace_callback instead G:\LocalWeb\ThinkPHP3.1\Lib\Core\Db.class.php 第 604 行.
SQL: SELECT * FROM `tsc_chapter` WHERE ( cid=1 and pid=7 )  [ RunTime:0.000111s ]
NOTIC: [8192] preg_replace(): The /e modifier is deprecated, use preg_replace_callback instead G:\LocalWeb\ThinkPHP3.1\Lib\Core\Db.class.php 第 604 行.
SQL: SELECT * FROM `tsc_chapter` WHERE ( cid=1 and pid=8 )  [ RunTime:0.000130s ]
NOTIC: [8192] preg_replace(): The /e modifier is deprecated, use preg_replace_callback instead G:\LocalWeb\ThinkPHP3.1\Lib\Core\Db.class.php 第 604 行.
SQL: SELECT * FROM `tsc_chapter` WHERE ( cid=1 and pid=4 )  [ RunTime:0.000116s ]
NOTIC: [8192] preg_replace(): The /e modifier is deprecated, use preg_replace_callback instead G:\LocalWeb\ThinkPHP3.1\Lib\Core\Db.class.php 第 604 行.
SQL: SELECT * FROM `tsc_chapter` WHERE ( cid=1 and pid=5 )  [ RunTime:0.000113s ]

[ 2017-05-16T13:49:18+08:00 ] 127.0.0.1 /student.php/Index/getChapterList
INFO: [ route_check ] --START--
INFO: CheckRoute Behavior ::run [ RunTime:0.000862s ]
INFO: [ route_check ] --END-- [ RunTime:0.000917s ]
NOTIC: [8192] preg_replace(): The /e modifier is deprecated, use preg_replace_callback instead G:\LocalWeb\ThinkPHP3.1\Lib\Core\Dispatcher.class.php 第 132 行.
INFO: [ app_begin ] --START--
INFO: ReadHtmlCache Behavior ::run [ RunTime:0.000643s ]
INFO: [ app_begin ] --END-- [ RunTime:0.000685s ]
NOTIC: [8192] mysql_connect(): The mysql extension is deprecated and will be removed in the future: use mysqli or PDO instead G:\LocalWeb\ThinkPHP3.1\Lib\Driver\Db\DbMysql.class.php 第 55 行.
SQL: SHOW COLUMNS FROM `tsc_chapter` [ RunTime:0.002046s ]
NOTIC: [8192] preg_replace(): The /e modifier is deprecated, use preg_replace_callback instead G:\LocalWeb\ThinkPHP3.1\Lib\Core\Db.class.php 第 604 行.
SQL: SELECT * FROM `tsc_chapter` WHERE ( cid=1 and pid=0 )  [ RunTime:0.000212s ]
NOTIC: [8192] preg_replace(): The /e modifier is deprecated, use preg_replace_callback instead G:\LocalWeb\ThinkPHP3.1\Lib\Core\Db.class.php 第 604 行.
SQL: SELECT * FROM `tsc_chapter` WHERE ( cid=1 and pid=1 )  [ RunTime:0.000145s ]
NOTIC: [8192] preg_replace(): The /e modifier is deprecated, use preg_replace_callback instead G:\LocalWeb\ThinkPHP3.1\Lib\Core\Db.class.php 第 604 行.
SQL: SELECT * FROM `tsc_chapter` WHERE ( cid=1 and pid=6 )  [ RunTime:0.000146s ]
NOTIC: [8192] preg_replace(): The /e modifier is deprecated, use preg_replace_callback instead G:\LocalWeb\ThinkPHP3.1\Lib\Core\Db.class.php 第 604 行.
SQL: SELECT * FROM `tsc_chapter` WHERE ( cid=1 and pid=2 )  [ RunTime:0.000174s ]
NOTIC: [8192] preg_replace(): The /e modifier is deprecated, use preg_replace_callback instead G:\LocalWeb\ThinkPHP3.1\Lib\Core\Db.class.php 第 604 行.
SQL: SELECT * FROM `tsc_chapter` WHERE ( cid=1 and pid=3 )  [ RunTime:0.000192s ]
NOTIC: [8192] preg_replace(): The /e modifier is deprecated, use preg_replace_callback instead G:\LocalWeb\ThinkPHP3.1\Lib\Core\Db.class.php 第 604 行.
SQL: SELECT * FROM `tsc_chapter` WHERE ( cid=1 and pid=7 )  [ RunTime:0.000173s ]
NOTIC: [8192] preg_replace(): The /e modifier is deprecated, use preg_replace_callback instead G:\LocalWeb\ThinkPHP3.1\Lib\Core\Db.class.php 第 604 行.
SQL: SELECT * FROM `tsc_chapter` WHERE ( cid=1 and pid=8 )  [ RunTime:0.000176s ]
NOTIC: [8192] preg_replace(): The /e modifier is deprecated, use preg_replace_callback instead G:\LocalWeb\ThinkPHP3.1\Lib\Core\Db.class.php 第 604 行.
SQL: SELECT * FROM `tsc_chapter` WHERE ( cid=1 and pid=4 )  [ RunTime:0.000172s ]
NOTIC: [8192] preg_replace(): The /e modifier is deprecated, use preg_replace_callback instead G:\LocalWeb\ThinkPHP3.1\Lib\Core\Db.class.php 第 604 行.
SQL: SELECT * FROM `tsc_chapter` WHERE ( cid=1 and pid=5 )  [ RunTime:0.000161s ]

[ 2017-05-16T16:05:10+08:00 ] 127.0.0.1 /student.php/Index/getChapterList
INFO: [ route_check ] --START--
INFO: CheckRoute Behavior ::run [ RunTime:0.001001s ]
INFO: [ route_check ] --END-- [ RunTime:0.001062s ]
NOTIC: [8192] preg_replace(): The /e modifier is deprecated, use preg_replace_callback instead G:\LocalWeb\ThinkPHP3.1\Lib\Core\Dispatcher.class.php 第 132 行.
INFO: [ app_begin ] --START--
INFO: ReadHtmlCache Behavior ::run [ RunTime:0.000604s ]
INFO: [ app_begin ] --END-- [ RunTime:0.000654s ]
NOTIC: [8192] mysql_connect(): The mysql extension is deprecated and will be removed in the future: use mysqli or PDO instead G:\LocalWeb\ThinkPHP3.1\Lib\Driver\Db\DbMysql.class.php 第 55 行.
SQL: SHOW COLUMNS FROM `tsc_student` [ RunTime:0.002959s ]
NOTIC: [8192] preg_replace(): The /e modifier is deprecated, use preg_replace_callback instead G:\LocalWeb\ThinkPHP3.1\Lib\Core\Db.class.php 第 604 行.
SQL: SELECT `id` FROM `tsc_student` WHERE ( username="student" and password="e10adc3949ba59abbe56e057f20f883e" ) LIMIT 1   [ RunTime:0.000229s ]

[ 2017-05-16T16:05:13+08:00 ] 127.0.0.1 /student.php/Index/getChapterList
INFO: [ route_check ] --START--
INFO: CheckRoute Behavior ::run [ RunTime:0.000554s ]
INFO: [ route_check ] --END-- [ RunTime:0.000614s ]
NOTIC: [8192] preg_replace(): The /e modifier is deprecated, use preg_replace_callback instead G:\LocalWeb\ThinkPHP3.1\Lib\Core\Dispatcher.class.php 第 132 行.
INFO: [ app_begin ] --START--
INFO: ReadHtmlCache Behavior ::run [ RunTime:0.000440s ]
INFO: [ app_begin ] --END-- [ RunTime:0.000482s ]

[ 2017-05-16T16:05:26+08:00 ] 127.0.0.1 /student.php/Index/getChapterList
INFO: [ route_check ] --START--
INFO: CheckRoute Behavior ::run [ RunTime:0.000583s ]
INFO: [ route_check ] --END-- [ RunTime:0.000644s ]
NOTIC: [8192] preg_replace(): The /e modifier is deprecated, use preg_replace_callback instead G:\LocalWeb\ThinkPHP3.1\Lib\Core\Dispatcher.class.php 第 132 行.
INFO: [ app_begin ] --START--
INFO: ReadHtmlCache Behavior ::run [ RunTime:0.000424s ]
INFO: [ app_begin ] --END-- [ RunTime:0.000472s ]

[ 2017-05-16T16:05:28+08:00 ] 127.0.0.1 /student.php/Index/getChapterList
INFO: [ route_check ] --START--
INFO: CheckRoute Behavior ::run [ RunTime:0.000640s ]
INFO: [ route_check ] --END-- [ RunTime:0.000722s ]
NOTIC: [8192] preg_replace(): The /e modifier is deprecated, use preg_replace_callback instead G:\LocalWeb\ThinkPHP3.1\Lib\Core\Dispatcher.class.php 第 132 行.
INFO: [ app_begin ] --START--
INFO: ReadHtmlCache Behavior ::run [ RunTime:0.000449s ]
INFO: [ app_begin ] --END-- [ RunTime:0.000491s ]

[ 2017-05-16T16:05:32+08:00 ] 127.0.0.1 /student.php/Index/getChapterList
INFO: [ route_check ] --START--
INFO: CheckRoute Behavior ::run [ RunTime:0.000560s ]
INFO: [ route_check ] --END-- [ RunTime:0.000620s ]
NOTIC: [8192] preg_replace(): The /e modifier is deprecated, use preg_replace_callback instead G:\LocalWeb\ThinkPHP3.1\Lib\Core\Dispatcher.class.php 第 132 行.
INFO: [ app_begin ] --START--
INFO: ReadHtmlCache Behavior ::run [ RunTime:0.000429s ]
INFO: [ app_begin ] --END-- [ RunTime:0.000470s ]

[ 2017-05-16T16:05:35+08:00 ] 127.0.0.1 /student.php/Index/getChapterList
INFO: [ route_check ] --START--
INFO: CheckRoute Behavior ::run [ RunTime:0.000565s ]
INFO: [ route_check ] --END-- [ RunTime:0.000629s ]
NOTIC: [8192] preg_replace(): The /e modifier is deprecated, use preg_replace_callback instead G:\LocalWeb\ThinkPHP3.1\Lib\Core\Dispatcher.class.php 第 132 行.
INFO: [ app_begin ] --START--
INFO: ReadHtmlCache Behavior ::run [ RunTime:0.000435s ]
INFO: [ app_begin ] --END-- [ RunTime:0.000477s ]

[ 2017-05-16T16:05:43+08:00 ] 127.0.0.1 /student.php/Index/getCourseware
INFO: [ route_check ] --START--
INFO: CheckRoute Behavior ::run [ RunTime:0.000568s ]
INFO: [ route_check ] --END-- [ RunTime:0.000627s ]
NOTIC: [8192] preg_replace(): The /e modifier is deprecated, use preg_replace_callback instead G:\LocalWeb\ThinkPHP3.1\Lib\Core\Dispatcher.class.php 第 132 行.
INFO: [ app_begin ] --START--
INFO: ReadHtmlCache Behavior ::run [ RunTime:0.000439s ]
INFO: [ app_begin ] --END-- [ RunTime:0.000480s ]
NOTIC: [8192] mysql_connect(): The mysql extension is deprecated and will be removed in the future: use mysqli or PDO instead G:\LocalWeb\ThinkPHP3.1\Lib\Driver\Db\DbMysql.class.php 第 55 行.
SQL: SHOW COLUMNS FROM `tsc_courseware` [ RunTime:0.003080s ]

[ 2017-05-16T16:06:07+08:00 ] 127.0.0.1 /student.php/Index/getCourseware
INFO: [ route_check ] --START--
INFO: CheckRoute Behavior ::run [ RunTime:0.000614s ]
INFO: [ route_check ] --END-- [ RunTime:0.000683s ]
NOTIC: [8192] preg_replace(): The /e modifier is deprecated, use preg_replace_callback instead G:\LocalWeb\ThinkPHP3.1\Lib\Core\Dispatcher.class.php 第 132 行.
INFO: [ app_begin ] --START--
INFO: ReadHtmlCache Behavior ::run [ RunTime:0.000455s ]
INFO: [ app_begin ] --END-- [ RunTime:0.000500s ]

[ 2017-05-16T16:06:10+08:00 ] 127.0.0.1 /student.php/Index/getCourseware
INFO: [ route_check ] --START--
INFO: CheckRoute Behavior ::run [ RunTime:0.000561s ]
INFO: [ route_check ] --END-- [ RunTime:0.000622s ]
NOTIC: [8192] preg_replace(): The /e modifier is deprecated, use preg_replace_callback instead G:\LocalWeb\ThinkPHP3.1\Lib\Core\Dispatcher.class.php 第 132 行.
INFO: [ app_begin ] --START--
INFO: ReadHtmlCache Behavior ::run [ RunTime:0.000428s ]
INFO: [ app_begin ] --END-- [ RunTime:0.000468s ]
NOTIC: [8192] mysql_connect(): The mysql extension is deprecated and will be removed in the future: use mysqli or PDO instead G:\LocalWeb\ThinkPHP3.1\Lib\Driver\Db\DbMysql.class.php 第 55 行.
SQL: SHOW COLUMNS FROM `tsc_courseware` [ RunTime:0.002615s ]

[ 2017-05-16T16:06:12+08:00 ] 127.0.0.1 /student.php/Index/getCourseware
INFO: [ route_check ] --START--
INFO: CheckRoute Behavior ::run [ RunTime:0.000564s ]
INFO: [ route_check ] --END-- [ RunTime:0.000624s ]
NOTIC: [8192] preg_replace(): The /e modifier is deprecated, use preg_replace_callback instead G:\LocalWeb\ThinkPHP3.1\Lib\Core\Dispatcher.class.php 第 132 行.
INFO: [ app_begin ] --START--
INFO: ReadHtmlCache Behavior ::run [ RunTime:0.000431s ]
INFO: [ app_begin ] --END-- [ RunTime:0.000471s ]
NOTIC: [8192] mysql_connect(): The mysql extension is deprecated and will be removed in the future: use mysqli or PDO instead G:\LocalWeb\ThinkPHP3.1\Lib\Driver\Db\DbMysql.class.php 第 55 行.
SQL: SHOW COLUMNS FROM `tsc_courseware` [ RunTime:0.002729s ]

[ 2017-05-16T16:06:25+08:00 ] 127.0.0.1 /student.php/Index/getHomework
INFO: [ route_check ] --START--
INFO: CheckRoute Behavior ::run [ RunTime:0.000552s ]
INFO: [ route_check ] --END-- [ RunTime:0.000612s ]
NOTIC: [8192] preg_replace(): The /e modifier is deprecated, use preg_replace_callback instead G:\LocalWeb\ThinkPHP3.1\Lib\Core\Dispatcher.class.php 第 132 行.
INFO: [ app_begin ] --START--
INFO: ReadHtmlCache Behavior ::run [ RunTime:0.000427s ]
INFO: [ app_begin ] --END-- [ RunTime:0.000467s ]
NOTIC: [8192] mysql_connect(): The mysql extension is deprecated and will be removed in the future: use mysqli or PDO instead G:\LocalWeb\ThinkPHP3.1\Lib\Driver\Db\DbMysql.class.php 第 55 行.
SQL: SHOW COLUMNS FROM `tsc_homework` [ RunTime:0.002957s ]

[ 2017-05-16T16:06:25+08:00 ] 127.0.0.1 /student.php/Index/getHomework
INFO: [ route_check ] --START--
INFO: CheckRoute Behavior ::run [ RunTime:0.000587s ]
INFO: [ route_check ] --END-- [ RunTime:0.000666s ]
NOTIC: [8192] preg_replace(): The /e modifier is deprecated, use preg_replace_callback instead G:\LocalWeb\ThinkPHP3.1\Lib\Core\Dispatcher.class.php 第 132 行.
INFO: [ app_begin ] --START--
INFO: ReadHtmlCache Behavior ::run [ RunTime:0.000463s ]
INFO: [ app_begin ] --END-- [ RunTime:0.000505s ]
NOTIC: [8192] mysql_connect(): The mysql extension is deprecated and will be removed in the future: use mysqli or PDO instead G:\LocalWeb\ThinkPHP3.1\Lib\Driver\Db\DbMysql.class.php 第 55 行.
SQL: SHOW COLUMNS FROM `tsc_homework` [ RunTime:0.002558s ]

[ 2017-05-16T16:08:26+08:00 ] 127.0.0.1 /student.php/Index/getHomework
INFO: [ route_check ] --START--
INFO: CheckRoute Behavior ::run [ RunTime:0.001159s ]
INFO: [ route_check ] --END-- [ RunTime:0.001229s ]
NOTIC: [8192] preg_replace(): The /e modifier is deprecated, use preg_replace_callback instead G:\LocalWeb\ThinkPHP3.1\Lib\Core\Dispatcher.class.php 第 132 行.
INFO: [ app_begin ] --START--
INFO: ReadHtmlCache Behavior ::run [ RunTime:0.000622s ]
INFO: [ app_begin ] --END-- [ RunTime:0.000670s ]
NOTIC: [8192] mysql_connect(): The mysql extension is deprecated and will be removed in the future: use mysqli or PDO instead G:\LocalWeb\ThinkPHP3.1\Lib\Driver\Db\DbMysql.class.php 第 55 行.
SQL: SHOW COLUMNS FROM `tsc_homework` [ RunTime:0.004080s ]

[ 2017-05-16T16:08:41+08:00 ] 127.0.0.1 /student.php/Index/getHomework
INFO: [ route_check ] --START--
INFO: CheckRoute Behavior ::run [ RunTime:0.000564s ]
INFO: [ route_check ] --END-- [ RunTime:0.000625s ]
NOTIC: [8192] preg_replace(): The /e modifier is deprecated, use preg_replace_callback instead G:\LocalWeb\ThinkPHP3.1\Lib\Core\Dispatcher.class.php 第 132 行.
INFO: [ app_begin ] --START--
INFO: ReadHtmlCache Behavior ::run [ RunTime:0.000519s ]
INFO: [ app_begin ] --END-- [ RunTime:0.000560s ]
NOTIC: [8192] mysql_connect(): The mysql extension is deprecated and will be removed in the future: use mysqli or PDO instead G:\LocalWeb\ThinkPHP3.1\Lib\Driver\Db\DbMysql.class.php 第 55 行.
SQL: SHOW COLUMNS FROM `tsc_homework` [ RunTime:0.002870s ]
NOTIC: [8192] preg_replace(): The /e modifier is deprecated, use preg_replace_callback instead G:\LocalWeb\ThinkPHP3.1\Lib\Core\Db.class.php 第 604 行.
SQL: SELECT * FROM `tsc_homework` WHERE ( pid = 6 )  [ RunTime:0.000309s ]

[ 2017-05-16T16:32:55+08:00 ] 127.0.0.1 /student.php/Index/punchCard
INFO: [ route_check ] --START--
INFO: CheckRoute Behavior ::run [ RunTime:0.001235s ]
INFO: [ route_check ] --END-- [ RunTime:0.001308s ]
NOTIC: [8192] preg_replace(): The /e modifier is deprecated, use preg_replace_callback instead G:\LocalWeb\ThinkPHP3.1\Lib\Core\Dispatcher.class.php 第 132 行.
INFO: [ app_begin ] --START--
INFO: ReadHtmlCache Behavior ::run [ RunTime:0.000723s ]
INFO: [ app_begin ] --END-- [ RunTime:0.000799s ]
NOTIC: [8192] mysql_connect(): The mysql extension is deprecated and will be removed in the future: use mysqli or PDO instead G:\LocalWeb\ThinkPHP3.1\Lib\Driver\Db\DbMysql.class.php 第 55 行.
SQL: SHOW COLUMNS FROM `tsc_course` [ RunTime:0.002706s ]
NOTIC: [8192] preg_replace(): The /e modifier is deprecated, use preg_replace_callback instead G:\LocalWeb\ThinkPHP3.1\Lib\Core\Db.class.php 第 604 行.
SQL: SELECT * FROM `tsc_course` WHERE ( allowed = 1 and id = 1 )  [ RunTime:0.000282s ]

[ 2017-05-16T16:33:03+08:00 ] 127.0.0.1 /student.php/Index/punchCard
INFO: [ route_check ] --START--
INFO: CheckRoute Behavior ::run [ RunTime:0.000570s ]
INFO: [ route_check ] --END-- [ RunTime:0.000641s ]
NOTIC: [8192] preg_replace(): The /e modifier is deprecated, use preg_replace_callback instead G:\LocalWeb\ThinkPHP3.1\Lib\Core\Dispatcher.class.php 第 132 行.
INFO: [ app_begin ] --START--
INFO: ReadHtmlCache Behavior ::run [ RunTime:0.000534s ]
INFO: [ app_begin ] --END-- [ RunTime:0.000595s ]
NOTIC: [8192] mysql_connect(): The mysql extension is deprecated and will be removed in the future: use mysqli or PDO instead G:\LocalWeb\ThinkPHP3.1\Lib\Driver\Db\DbMysql.class.php 第 55 行.
SQL: SHOW COLUMNS FROM `tsc_course` [ RunTime:0.003281s ]
NOTIC: [8192] preg_replace(): The /e modifier is deprecated, use preg_replace_callback instead G:\LocalWeb\ThinkPHP3.1\Lib\Core\Db.class.php 第 604 行.
SQL: SELECT * FROM `tsc_course` WHERE ( allowed = 1 and id = 1 )  [ RunTime:0.000272s ]
SQL: SHOW COLUMNS FROM `tsc_punch` [ RunTime:0.002642s ]
SQL: INSERT INTO `tsc_punch` (`sid`,`cid`,`datetime`) VALUES (2,1,'2017-05-16 16:33:03') [ RunTime:0.047831s ]

[ 2017-05-16T16:33:04+08:00 ] 127.0.0.1 /student.php/Index/punchCard
INFO: [ route_check ] --START--
INFO: CheckRoute Behavior ::run [ RunTime:0.000588s ]
INFO: [ route_check ] --END-- [ RunTime:0.000652s ]
NOTIC: [8192] preg_replace(): The /e modifier is deprecated, use preg_replace_callback instead G:\LocalWeb\ThinkPHP3.1\Lib\Core\Dispatcher.class.php 第 132 行.
INFO: [ app_begin ] --START--
INFO: ReadHtmlCache Behavior ::run [ RunTime:0.000439s ]
INFO: [ app_begin ] --END-- [ RunTime:0.000483s ]
NOTIC: [8192] mysql_connect(): The mysql extension is deprecated and will be removed in the future: use mysqli or PDO instead G:\LocalWeb\ThinkPHP3.1\Lib\Driver\Db\DbMysql.class.php 第 55 行.
SQL: SHOW COLUMNS FROM `tsc_course` [ RunTime:0.002703s ]
NOTIC: [8192] preg_replace(): The /e modifier is deprecated, use preg_replace_callback instead G:\LocalWeb\ThinkPHP3.1\Lib\Core\Db.class.php 第 604 行.
SQL: SELECT * FROM `tsc_course` WHERE ( allowed = 1 and id = 1 )  [ RunTime:0.000295s ]
SQL: SHOW COLUMNS FROM `tsc_punch` [ RunTime:0.002604s ]
SQL: INSERT INTO `tsc_punch` (`sid`,`cid`,`datetime`) VALUES (2,1,'2017-05-16 16:33:04') [ RunTime:0.000209s ]
ERR: 1062:Duplicate entry '0' for key 'PRIMARY'
 [ SQL语句 ] : INSERT INTO `tsc_punch` (`sid`,`cid`,`datetime`) VALUES (2,1,'2017-05-16 16:33:04')

[ 2017-05-16T16:33:05+08:00 ] 127.0.0.1 /student.php/Index/punchCard
INFO: [ route_check ] --START--
INFO: CheckRoute Behavior ::run [ RunTime:0.000658s ]
INFO: [ route_check ] --END-- [ RunTime:0.000740s ]
NOTIC: [8192] preg_replace(): The /e modifier is deprecated, use preg_replace_callback instead G:\LocalWeb\ThinkPHP3.1\Lib\Core\Dispatcher.class.php 第 132 行.
INFO: [ app_begin ] --START--
INFO: ReadHtmlCache Behavior ::run [ RunTime:0.000664s ]
INFO: [ app_begin ] --END-- [ RunTime:0.000719s ]
NOTIC: [8192] mysql_connect(): The mysql extension is deprecated and will be removed in the future: use mysqli or PDO instead G:\LocalWeb\ThinkPHP3.1\Lib\Driver\Db\DbMysql.class.php 第 55 行.
SQL: SHOW COLUMNS FROM `tsc_course` [ RunTime:0.002448s ]
NOTIC: [8192] preg_replace(): The /e modifier is deprecated, use preg_replace_callback instead G:\LocalWeb\ThinkPHP3.1\Lib\Core\Db.class.php 第 604 行.
SQL: SELECT * FROM `tsc_course` WHERE ( allowed = 1 and id = 1 )  [ RunTime:0.000198s ]
SQL: SHOW COLUMNS FROM `tsc_punch` [ RunTime:0.020252s ]
SQL: INSERT INTO `tsc_punch` (`sid`,`cid`,`datetime`) VALUES (2,1,'2017-05-16 16:33:05') [ RunTime:0.000179s ]
ERR: 1062:Duplicate entry '0' for key 'PRIMARY'
 [ SQL语句 ] : INSERT INTO `tsc_punch` (`sid`,`cid`,`datetime`) VALUES (2,1,'2017-05-16 16:33:05')

[ 2017-05-16T16:33:39+08:00 ] 127.0.0.1 /student.php/Index/punchCard
INFO: [ route_check ] --START--
INFO: CheckRoute Behavior ::run [ RunTime:0.000555s ]
INFO: [ route_check ] --END-- [ RunTime:0.000614s ]
NOTIC: [8192] preg_replace(): The /e modifier is deprecated, use preg_replace_callback instead G:\LocalWeb\ThinkPHP3.1\Lib\Core\Dispatcher.class.php 第 132 行.
INFO: [ app_begin ] --START--
INFO: ReadHtmlCache Behavior ::run [ RunTime:0.000436s ]
INFO: [ app_begin ] --END-- [ RunTime:0.000476s ]
NOTIC: [8192] mysql_connect(): The mysql extension is deprecated and will be removed in the future: use mysqli or PDO instead G:\LocalWeb\ThinkPHP3.1\Lib\Driver\Db\DbMysql.class.php 第 55 行.
SQL: SHOW COLUMNS FROM `tsc_course` [ RunTime:0.003429s ]
NOTIC: [8192] preg_replace(): The /e modifier is deprecated, use preg_replace_callback instead G:\LocalWeb\ThinkPHP3.1\Lib\Core\Db.class.php 第 604 行.
SQL: SELECT * FROM `tsc_course` WHERE ( allowed = 1 and id = 1 )  [ RunTime:0.000224s ]
SQL: SHOW COLUMNS FROM `tsc_punch` [ RunTime:0.019974s ]
SQL: INSERT INTO `tsc_punch` (`sid`,`cid`,`datetime`) VALUES (2,1,'2017-05-16 16:33:39') [ RunTime:0.090294s ]

[ 2017-05-16T16:34:14+08:00 ] 127.0.0.1 /student.php/Index/getPunchList
INFO: [ route_check ] --START--
INFO: CheckRoute Behavior ::run [ RunTime:0.000567s ]
INFO: [ route_check ] --END-- [ RunTime:0.000628s ]
NOTIC: [8192] preg_replace(): The /e modifier is deprecated, use preg_replace_callback instead G:\LocalWeb\ThinkPHP3.1\Lib\Core\Dispatcher.class.php 第 132 行.
INFO: [ app_begin ] --START--
INFO: ReadHtmlCache Behavior ::run [ RunTime:0.000433s ]
INFO: [ app_begin ] --END-- [ RunTime:0.000474s ]
NOTIC: [8192] mysql_connect(): The mysql extension is deprecated and will be removed in the future: use mysqli or PDO instead G:\LocalWeb\ThinkPHP3.1\Lib\Driver\Db\DbMysql.class.php 第 55 行.
SQL: SHOW COLUMNS FROM `tsc_punch` [ RunTime:0.002350s ]
NOTIC: [8] Undefined variable: cid G:\LocalWeb\test4\Student\Lib\Action\IndexAction.class.php 第 131 行.
NOTIC: [8192] preg_replace(): The /e modifier is deprecated, use preg_replace_callback instead G:\LocalWeb\ThinkPHP3.1\Lib\Core\Db.class.php 第 604 行.
SQL: SELECT * FROM `tsc_punch` WHERE ( sid = 2 and cid = 0 ) ORDER BY datetime desc  [ RunTime:0.000223s ]

[ 2017-05-16T16:36:00+08:00 ] 127.0.0.1 /student.php/Index/getPunchList
INFO: [ route_check ] --START--
INFO: CheckRoute Behavior ::run [ RunTime:0.001043s ]
INFO: [ route_check ] --END-- [ RunTime:0.001127s ]
NOTIC: [8192] preg_replace(): The /e modifier is deprecated, use preg_replace_callback instead G:\LocalWeb\ThinkPHP3.1\Lib\Core\Dispatcher.class.php 第 132 行.
INFO: [ app_begin ] --START--
INFO: ReadHtmlCache Behavior ::run [ RunTime:0.000697s ]
INFO: [ app_begin ] --END-- [ RunTime:0.000757s ]
NOTIC: [8192] mysql_connect(): The mysql extension is deprecated and will be removed in the future: use mysqli or PDO instead G:\LocalWeb\ThinkPHP3.1\Lib\Driver\Db\DbMysql.class.php 第 55 行.
SQL: SHOW COLUMNS FROM `tsc_punch` [ RunTime:0.002403s ]
NOTIC: [8192] preg_replace(): The /e modifier is deprecated, use preg_replace_callback instead G:\LocalWeb\ThinkPHP3.1\Lib\Core\Db.class.php 第 604 行.
SQL: SELECT * FROM `tsc_punch` WHERE ( sid = 2 and cid = 1 ) ORDER BY datetime desc  [ RunTime:0.000218s ]

[ 2017-05-16T16:36:40+08:00 ] 127.0.0.1 /student.php/Index/getPunchList
INFO: [ route_check ] --START--
INFO: CheckRoute Behavior ::run [ RunTime:0.000670s ]
INFO: [ route_check ] --END-- [ RunTime:0.000729s ]
NOTIC: [8192] preg_replace(): The /e modifier is deprecated, use preg_replace_callback instead G:\LocalWeb\ThinkPHP3.1\Lib\Core\Dispatcher.class.php 第 132 行.
INFO: [ app_begin ] --START--
INFO: ReadHtmlCache Behavior ::run [ RunTime:0.000475s ]
INFO: [ app_begin ] --END-- [ RunTime:0.000531s ]
NOTIC: [8192] mysql_connect(): The mysql extension is deprecated and will be removed in the future: use mysqli or PDO instead G:\LocalWeb\ThinkPHP3.1\Lib\Driver\Db\DbMysql.class.php 第 55 行.
SQL: SHOW COLUMNS FROM `tsc_punch` [ RunTime:0.003135s ]
NOTIC: [8192] preg_replace(): The /e modifier is deprecated, use preg_replace_callback instead G:\LocalWeb\ThinkPHP3.1\Lib\Core\Db.class.php 第 604 行.
SQL: SELECT * FROM `tsc_punch` WHERE ( sid = 2 and cid = 1 ) ORDER BY datetime desc  [ RunTime:0.000429s ]

[ 2017-05-16T17:09:32+08:00 ] 127.0.0.1 /student.php/Index/getPunchList
INFO: [ route_check ] --START--
INFO: CheckRoute Behavior ::run [ RunTime:0.001126s ]
INFO: [ route_check ] --END-- [ RunTime:0.001193s ]
NOTIC: [8192] preg_replace(): The /e modifier is deprecated, use preg_replace_callback instead G:\LocalWeb\ThinkPHP3.1\Lib\Core\Dispatcher.class.php 第 132 行.
INFO: [ app_begin ] --START--
INFO: ReadHtmlCache Behavior ::run [ RunTime:0.000595s ]
INFO: [ app_begin ] --END-- [ RunTime:0.000640s ]
NOTIC: [8192] mysql_connect(): The mysql extension is deprecated and will be removed in the future: use mysqli or PDO instead G:\LocalWeb\ThinkPHP3.1\Lib\Driver\Db\DbMysql.class.php 第 55 行.
SQL: SHOW COLUMNS FROM `tsc_punch` [ RunTime:0.002541s ]
NOTIC: [8192] preg_replace(): The /e modifier is deprecated, use preg_replace_callback instead G:\LocalWeb\ThinkPHP3.1\Lib\Core\Db.class.php 第 604 行.
SQL: SELECT * FROM `tsc_punch` WHERE ( sid = 2 and cid = 1 ) ORDER BY datetime desc  [ RunTime:0.000344s ]

[ 2017-05-16T17:09:38+08:00 ] 127.0.0.1 /student.php/Index/punchCard
INFO: [ route_check ] --START--
INFO: CheckRoute Behavior ::run [ RunTime:0.000602s ]
INFO: [ route_check ] --END-- [ RunTime:0.000667s ]
NOTIC: [8192] preg_replace(): The /e modifier is deprecated, use preg_replace_callback instead G:\LocalWeb\ThinkPHP3.1\Lib\Core\Dispatcher.class.php 第 132 行.
INFO: [ app_begin ] --START--
INFO: ReadHtmlCache Behavior ::run [ RunTime:0.000653s ]
INFO: [ app_begin ] --END-- [ RunTime:0.000718s ]
NOTIC: [8192] mysql_connect(): The mysql extension is deprecated and will be removed in the future: use mysqli or PDO instead G:\LocalWeb\ThinkPHP3.1\Lib\Driver\Db\DbMysql.class.php 第 55 行.
SQL: SHOW COLUMNS FROM `tsc_course` [ RunTime:0.003019s ]
NOTIC: [8192] preg_replace(): The /e modifier is deprecated, use preg_replace_callback instead G:\LocalWeb\ThinkPHP3.1\Lib\Core\Db.class.php 第 604 行.
SQL: SELECT * FROM `tsc_course` WHERE ( allowed = 1 and id = 1 )  [ RunTime:0.000378s ]
SQL: SHOW COLUMNS FROM `tsc_punch` [ RunTime:0.006499s ]
SQL: INSERT INTO `tsc_punch` (`sid`,`cid`,`datetime`) VALUES (2,1,'2017-05-16 17:09:38') [ RunTime:0.110561s ]

[ 2017-05-16T17:09:43+08:00 ] 127.0.0.1 /student.php/Index/punchCard
INFO: [ route_check ] --START--
INFO: CheckRoute Behavior ::run [ RunTime:0.000562s ]
INFO: [ route_check ] --END-- [ RunTime:0.000621s ]
NOTIC: [8192] preg_replace(): The /e modifier is deprecated, use preg_replace_callback instead G:\LocalWeb\ThinkPHP3.1\Lib\Core\Dispatcher.class.php 第 132 行.
INFO: [ app_begin ] --START--
INFO: ReadHtmlCache Behavior ::run [ RunTime:0.000421s ]
INFO: [ app_begin ] --END-- [ RunTime:0.000462s ]
NOTIC: [8192] mysql_connect(): The mysql extension is deprecated and will be removed in the future: use mysqli or PDO instead G:\LocalWeb\ThinkPHP3.1\Lib\Driver\Db\DbMysql.class.php 第 55 行.
SQL: SHOW COLUMNS FROM `tsc_course` [ RunTime:0.002621s ]
NOTIC: [8192] preg_replace(): The /e modifier is deprecated, use preg_replace_callback instead G:\LocalWeb\ThinkPHP3.1\Lib\Core\Db.class.php 第 604 行.
SQL: SELECT * FROM `tsc_course` WHERE ( allowed = 1 and id = 2 )  [ RunTime:0.000320s ]

[ 2017-05-16T17:09:46+08:00 ] 127.0.0.1 /student.php/Index/punchCard
INFO: [ route_check ] --START--
INFO: CheckRoute Behavior ::run [ RunTime:0.000589s ]
INFO: [ route_check ] --END-- [ RunTime:0.000650s ]
NOTIC: [8192] preg_replace(): The /e modifier is deprecated, use preg_replace_callback instead G:\LocalWeb\ThinkPHP3.1\Lib\Core\Dispatcher.class.php 第 132 行.
INFO: [ app_begin ] --START--
INFO: ReadHtmlCache Behavior ::run [ RunTime:0.000431s ]
INFO: [ app_begin ] --END-- [ RunTime:0.000472s ]
NOTIC: [8192] mysql_connect(): The mysql extension is deprecated and will be removed in the future: use mysqli or PDO instead G:\LocalWeb\ThinkPHP3.1\Lib\Driver\Db\DbMysql.class.php 第 55 行.
SQL: SHOW COLUMNS FROM `tsc_course` [ RunTime:0.002705s ]
NOTIC: [8192] preg_replace(): The /e modifier is deprecated, use preg_replace_callback instead G:\LocalWeb\ThinkPHP3.1\Lib\Core\Db.class.php 第 604 行.
SQL: SELECT * FROM `tsc_course` WHERE ( allowed = 1 and id = 3 )  [ RunTime:0.000221s ]

[ 2017-05-16T17:11:08+08:00 ] 127.0.0.1 /student.php/Index/postQuestion
INFO: [ route_check ] --START--
INFO: CheckRoute Behavior ::run [ RunTime:0.000646s ]
INFO: [ route_check ] --END-- [ RunTime:0.000724s ]
NOTIC: [8192] preg_replace(): The /e modifier is deprecated, use preg_replace_callback instead G:\LocalWeb\ThinkPHP3.1\Lib\Core\Dispatcher.class.php 第 132 行.
INFO: [ app_begin ] --START--
INFO: ReadHtmlCache Behavior ::run [ RunTime:0.000753s ]
INFO: [ app_begin ] --END-- [ RunTime:0.000810s ]
NOTIC: [8192] mysql_connect(): The mysql extension is deprecated and will be removed in the future: use mysqli or PDO instead G:\LocalWeb\ThinkPHP3.1\Lib\Driver\Db\DbMysql.class.php 第 55 行.
SQL: SHOW COLUMNS FROM `tsc_answered` [ RunTime:0.002446s ]
NOTIC: [8] Undefined variable: updatetimedatetime G:\LocalWeb\test4\Student\Lib\Action\IndexAction.class.php 第 154 行.
SQL: INSERT INTO `tsc_answered` (`sid`,`cid`,`question`,`updatetime`) VALUES (2,2,'','') [ RunTime:0.117475s ]
ERR: 1452:Cannot add or update a child row: a foreign key constraint fails (`tsclass`.`tsc_answered`, CONSTRAINT `existed cid` FOREIGN KEY (`cid`) REFERENCES `tsc_course` (`id`) ON DELETE NO ACTION ON UPDATE NO ACTION)
 [ SQL语句 ] : INSERT INTO `tsc_answered` (`sid`,`cid`,`question`,`updatetime`) VALUES (2,2,'','')

[ 2017-05-16T17:11:30+08:00 ] 127.0.0.1 /student.php/Index/postQuestion
INFO: [ route_check ] --START--
INFO: CheckRoute Behavior ::run [ RunTime:0.000567s ]
INFO: [ route_check ] --END-- [ RunTime:0.000627s ]
NOTIC: [8192] preg_replace(): The /e modifier is deprecated, use preg_replace_callback instead G:\LocalWeb\ThinkPHP3.1\Lib\Core\Dispatcher.class.php 第 132 行.
INFO: [ app_begin ] --START--
INFO: ReadHtmlCache Behavior ::run [ RunTime:0.000427s ]
INFO: [ app_begin ] --END-- [ RunTime:0.000469s ]
NOTIC: [8192] mysql_connect(): The mysql extension is deprecated and will be removed in the future: use mysqli or PDO instead G:\LocalWeb\ThinkPHP3.1\Lib\Driver\Db\DbMysql.class.php 第 55 行.
SQL: SHOW COLUMNS FROM `tsc_answered` [ RunTime:0.003280s ]
NOTIC: [8] Undefined variable: updatetimedatetime G:\LocalWeb\test4\Student\Lib\Action\IndexAction.class.php 第 154 行.
SQL: INSERT INTO `tsc_answered` (`sid`,`cid`,`question`,`updatetime`) VALUES (2,1,'','') [ RunTime:0.052753s ]

[ 2017-05-16T17:11:48+08:00 ] 127.0.0.1 /student.php/Index/postQuestion
INFO: [ route_check ] --START--
INFO: CheckRoute Behavior ::run [ RunTime:0.001035s ]
INFO: [ route_check ] --END-- [ RunTime:0.001097s ]
NOTIC: [8192] preg_replace(): The /e modifier is deprecated, use preg_replace_callback instead G:\LocalWeb\ThinkPHP3.1\Lib\Core\Dispatcher.class.php 第 132 行.
INFO: [ app_begin ] --START--
INFO: ReadHtmlCache Behavior ::run [ RunTime:0.000741s ]
INFO: [ app_begin ] --END-- [ RunTime:0.000800s ]

[ 2017-05-16T17:11:58+08:00 ] 127.0.0.1 /student.php/Index/postQuestion
INFO: [ route_check ] --START--
INFO: CheckRoute Behavior ::run [ RunTime:0.000557s ]
INFO: [ route_check ] --END-- [ RunTime:0.000618s ]
NOTIC: [8192] preg_replace(): The /e modifier is deprecated, use preg_replace_callback instead G:\LocalWeb\ThinkPHP3.1\Lib\Core\Dispatcher.class.php 第 132 行.
INFO: [ app_begin ] --START--
INFO: ReadHtmlCache Behavior ::run [ RunTime:0.000440s ]
INFO: [ app_begin ] --END-- [ RunTime:0.000481s ]
NOTIC: [8192] mysql_connect(): The mysql extension is deprecated and will be removed in the future: use mysqli or PDO instead G:\LocalWeb\ThinkPHP3.1\Lib\Driver\Db\DbMysql.class.php 第 55 行.
SQL: SHOW COLUMNS FROM `tsc_answered` [ RunTime:0.003369s ]
NOTIC: [8] Undefined variable: updatetimedatetime G:\LocalWeb\test4\Student\Lib\Action\IndexAction.class.php 第 155 行.
SQL: INSERT INTO `tsc_answered` (`sid`,`cid`,`question`,`updatetime`) VALUES (2,1,'问题问题','') [ RunTime:0.107819s ]

[ 2017-05-16T17:12:30+08:00 ] 127.0.0.1 /student.php/Index/postQuestion
INFO: [ route_check ] --START--
INFO: CheckRoute Behavior ::run [ RunTime:0.000784s ]
INFO: [ route_check ] --END-- [ RunTime:0.000877s ]
NOTIC: [8192] preg_replace(): The /e modifier is deprecated, use preg_replace_callback instead G:\LocalWeb\ThinkPHP3.1\Lib\Core\Dispatcher.class.php 第 132 行.
INFO: [ app_begin ] --START--
INFO: ReadHtmlCache Behavior ::run [ RunTime:0.000561s ]
INFO: [ app_begin ] --END-- [ RunTime:0.000607s ]
NOTIC: [8192] mysql_connect(): The mysql extension is deprecated and will be removed in the future: use mysqli or PDO instead G:\LocalWeb\ThinkPHP3.1\Lib\Driver\Db\DbMysql.class.php 第 55 行.
SQL: SHOW COLUMNS FROM `tsc_answered` [ RunTime:0.002981s ]
SQL: INSERT INTO `tsc_answered` (`sid`,`cid`,`question`,`updatetime`) VALUES (2,1,'问题问题','2017-05-16 17:12:29') [ RunTime:0.088776s ]

[ 2017-05-16T17:14:03+08:00 ] 127.0.0.1 /student.php/Index/getAnsweredList
INFO: [ route_check ] --START--
INFO: CheckRoute Behavior ::run [ RunTime:0.000996s ]
INFO: [ route_check ] --END-- [ RunTime:0.001063s ]
NOTIC: [8192] preg_replace(): The /e modifier is deprecated, use preg_replace_callback instead G:\LocalWeb\ThinkPHP3.1\Lib\Core\Dispatcher.class.php 第 132 行.
INFO: [ app_begin ] --START--
INFO: ReadHtmlCache Behavior ::run [ RunTime:0.000596s ]
INFO: [ app_begin ] --END-- [ RunTime:0.000641s ]
NOTIC: [8] Undefined variable: cid G:\LocalWeb\test4\Student\Lib\Action\IndexAction.class.php 第 57 行.
NOTIC: [8192] mysql_connect(): The mysql extension is deprecated and will be removed in the future: use mysqli or PDO instead G:\LocalWeb\ThinkPHP3.1\Lib\Driver\Db\DbMysql.class.php 第 55 行.
SQL: SHOW COLUMNS FROM `tsc_answered` [ RunTime:0.003192s ]
NOTIC: [8192] preg_replace(): The /e modifier is deprecated, use preg_replace_callback instead G:\LocalWeb\ThinkPHP3.1\Lib\Core\Db.class.php 第 604 行.
NOTIC: [8] Use of undefined constant tsc_ - assumed 'tsc_' G:\LocalWeb\ThinkPHP3.1\Lib\Core\Db.class.php(604) : regexp code 第 1 行.
NOTIC: [8] Use of undefined constant tsc_ - assumed 'tsc_' G:\LocalWeb\ThinkPHP3.1\Lib\Core\Db.class.php(604) : regexp code 第 1 行.
NOTIC: [8] Use of undefined constant tsc_ - assumed 'tsc_' G:\LocalWeb\ThinkPHP3.1\Lib\Core\Db.class.php(604) : regexp code 第 1 行.
NOTIC: [8] Use of undefined constant tsc_ - assumed 'tsc_' G:\LocalWeb\ThinkPHP3.1\Lib\Core\Db.class.php(604) : regexp code 第 1 行.
NOTIC: [8] Use of undefined constant tsc_ - assumed 'tsc_' G:\LocalWeb\ThinkPHP3.1\Lib\Core\Db.class.php(604) : regexp code 第 1 行.
NOTIC: [8] Use of undefined constant tsc_ - assumed 'tsc_' G:\LocalWeb\ThinkPHP3.1\Lib\Core\Db.class.php(604) : regexp code 第 1 行.
NOTIC: [8] Use of undefined constant tsc_ - assumed 'tsc_' G:\LocalWeb\ThinkPHP3.1\Lib\Core\Db.class.php(604) : regexp code 第 1 行.
NOTIC: [8] Use of undefined constant tsc_ - assumed 'tsc_' G:\LocalWeb\ThinkPHP3.1\Lib\Core\Db.class.php(604) : regexp code 第 1 行.
NOTIC: [8] Use of undefined constant tsc_ - assumed 'tsc_' G:\LocalWeb\ThinkPHP3.1\Lib\Core\Db.class.php(604) : regexp code 第 1 行.
SQL: SELECT tsc_answered.id,tsc_answered.question,tsc_answered.answer,tsc_course.title,tsc_course.id as cid,tsc_teacher.username as teacher,tsc_student.username as student FROM `tsc_answered` LEFT JOIN tsc_course ON tsc_answered.cid = tsc_course.id LEFT JOIN tsc_teacher ON tsc_course.tid = tsc_teacher.id LEFT JOIN tsc_student ON tsc_answered.sid = tsc_student.id WHERE ( tsc_answered.cid = '' ) AND ( tsc_answered.sid = '2' ) ORDER BY updatetime desc LIMIT 0,20   [ RunTime:0.000372s ]

[ 2017-05-16T17:14:14+08:00 ] 127.0.0.1 /student.php/Index/getAnsweredList
INFO: [ route_check ] --START--
INFO: CheckRoute Behavior ::run [ RunTime:0.000633s ]
INFO: [ route_check ] --END-- [ RunTime:0.000701s ]
NOTIC: [8192] preg_replace(): The /e modifier is deprecated, use preg_replace_callback instead G:\LocalWeb\ThinkPHP3.1\Lib\Core\Dispatcher.class.php 第 132 行.
INFO: [ app_begin ] --START--
INFO: ReadHtmlCache Behavior ::run [ RunTime:0.000479s ]
INFO: [ app_begin ] --END-- [ RunTime:0.000522s ]
NOTIC: [8192] mysql_connect(): The mysql extension is deprecated and will be removed in the future: use mysqli or PDO instead G:\LocalWeb\ThinkPHP3.1\Lib\Driver\Db\DbMysql.class.php 第 55 行.
SQL: SHOW COLUMNS FROM `tsc_student` [ RunTime:0.002562s ]
NOTIC: [8192] preg_replace(): The /e modifier is deprecated, use preg_replace_callback instead G:\LocalWeb\ThinkPHP3.1\Lib\Core\Db.class.php 第 604 行.
SQL: SELECT `id` FROM `tsc_student` WHERE ( username="test" and password="e10adc3949ba59abbe56e057f20f883e" ) LIMIT 1   [ RunTime:0.039526s ]

[ 2017-05-16T17:14:16+08:00 ] 127.0.0.1 /student.php/Index/getAnsweredList
INFO: [ route_check ] --START--
INFO: CheckRoute Behavior ::run [ RunTime:0.000570s ]
INFO: [ route_check ] --END-- [ RunTime:0.000630s ]
NOTIC: [8192] preg_replace(): The /e modifier is deprecated, use preg_replace_callback instead G:\LocalWeb\ThinkPHP3.1\Lib\Core\Dispatcher.class.php 第 132 行.
INFO: [ app_begin ] --START--
INFO: ReadHtmlCache Behavior ::run [ RunTime:0.000432s ]
INFO: [ app_begin ] --END-- [ RunTime:0.000473s ]
NOTIC: [8] Undefined variable: cid G:\LocalWeb\test4\Student\Lib\Action\IndexAction.class.php 第 57 行.
NOTIC: [8192] mysql_connect(): The mysql extension is deprecated and will be removed in the future: use mysqli or PDO instead G:\LocalWeb\ThinkPHP3.1\Lib\Driver\Db\DbMysql.class.php 第 55 行.
SQL: SHOW COLUMNS FROM `tsc_answered` [ RunTime:0.002915s ]
NOTIC: [8192] preg_replace(): The /e modifier is deprecated, use preg_replace_callback instead G:\LocalWeb\ThinkPHP3.1\Lib\Core\Db.class.php 第 604 行.
NOTIC: [8] Use of undefined constant tsc_ - assumed 'tsc_' G:\LocalWeb\ThinkPHP3.1\Lib\Core\Db.class.php(604) : regexp code 第 1 行.
NOTIC: [8] Use of undefined constant tsc_ - assumed 'tsc_' G:\LocalWeb\ThinkPHP3.1\Lib\Core\Db.class.php(604) : regexp code 第 1 行.
NOTIC: [8] Use of undefined constant tsc_ - assumed 'tsc_' G:\LocalWeb\ThinkPHP3.1\Lib\Core\Db.class.php(604) : regexp code 第 1 行.
NOTIC: [8] Use of undefined constant tsc_ - assumed 'tsc_' G:\LocalWeb\ThinkPHP3.1\Lib\Core\Db.class.php(604) : regexp code 第 1 行.
NOTIC: [8] Use of undefined constant tsc_ - assumed 'tsc_' G:\LocalWeb\ThinkPHP3.1\Lib\Core\Db.class.php(604) : regexp code 第 1 行.
NOTIC: [8] Use of undefined constant tsc_ - assumed 'tsc_' G:\LocalWeb\ThinkPHP3.1\Lib\Core\Db.class.php(604) : regexp code 第 1 行.
NOTIC: [8] Use of undefined constant tsc_ - assumed 'tsc_' G:\LocalWeb\ThinkPHP3.1\Lib\Core\Db.class.php(604) : regexp code 第 1 行.
NOTIC: [8] Use of undefined constant tsc_ - assumed 'tsc_' G:\LocalWeb\ThinkPHP3.1\Lib\Core\Db.class.php(604) : regexp code 第 1 行.
NOTIC: [8] Use of undefined constant tsc_ - assumed 'tsc_' G:\LocalWeb\ThinkPHP3.1\Lib\Core\Db.class.php(604) : regexp code 第 1 行.
SQL: SELECT tsc_answered.id,tsc_answered.question,tsc_answered.answer,tsc_course.title,tsc_course.id as cid,tsc_teacher.username as teacher,tsc_student.username as student FROM `tsc_answered` LEFT JOIN tsc_course ON tsc_answered.cid = tsc_course.id LEFT JOIN tsc_teacher ON tsc_course.tid = tsc_teacher.id LEFT JOIN tsc_student ON tsc_answered.sid = tsc_student.id WHERE ( tsc_answered.cid = '' ) AND ( tsc_answered.sid = '1' ) ORDER BY updatetime desc LIMIT 0,20   [ RunTime:0.000445s ]

[ 2017-05-16T17:14:52+08:00 ] 127.0.0.1 /student.php/Index/getAnsweredList
INFO: [ route_check ] --START--
INFO: CheckRoute Behavior ::run [ RunTime:0.000559s ]
INFO: [ route_check ] --END-- [ RunTime:0.000618s ]
NOTIC: [8192] preg_replace(): The /e modifier is deprecated, use preg_replace_callback instead G:\LocalWeb\ThinkPHP3.1\Lib\Core\Dispatcher.class.php 第 132 行.
INFO: [ app_begin ] --START--
INFO: ReadHtmlCache Behavior ::run [ RunTime:0.000421s ]
INFO: [ app_begin ] --END-- [ RunTime:0.000462s ]
NOTIC: [8] Undefined variable: cid G:\LocalWeb\test4\Student\Lib\Action\IndexAction.class.php 第 57 行.
NOTIC: [8192] mysql_connect(): The mysql extension is deprecated and will be removed in the future: use mysqli or PDO instead G:\LocalWeb\ThinkPHP3.1\Lib\Driver\Db\DbMysql.class.php 第 55 行.
SQL: SHOW COLUMNS FROM `tsc_answered` [ RunTime:0.004037s ]
NOTIC: [8192] preg_replace(): The /e modifier is deprecated, use preg_replace_callback instead G:\LocalWeb\ThinkPHP3.1\Lib\Core\Db.class.php 第 604 行.
NOTIC: [8] Use of undefined constant tsc_ - assumed 'tsc_' G:\LocalWeb\ThinkPHP3.1\Lib\Core\Db.class.php(604) : regexp code 第 1 行.
NOTIC: [8] Use of undefined constant tsc_ - assumed 'tsc_' G:\LocalWeb\ThinkPHP3.1\Lib\Core\Db.class.php(604) : regexp code 第 1 行.
NOTIC: [8] Use of undefined constant tsc_ - assumed 'tsc_' G:\LocalWeb\ThinkPHP3.1\Lib\Core\Db.class.php(604) : regexp code 第 1 行.
NOTIC: [8] Use of undefined constant tsc_ - assumed 'tsc_' G:\LocalWeb\ThinkPHP3.1\Lib\Core\Db.class.php(604) : regexp code 第 1 行.
NOTIC: [8] Use of undefined constant tsc_ - assumed 'tsc_' G:\LocalWeb\ThinkPHP3.1\Lib\Core\Db.class.php(604) : regexp code 第 1 行.
NOTIC: [8] Use of undefined constant tsc_ - assumed 'tsc_' G:\LocalWeb\ThinkPHP3.1\Lib\Core\Db.class.php(604) : regexp code 第 1 行.
NOTIC: [8] Use of undefined constant tsc_ - assumed 'tsc_' G:\LocalWeb\ThinkPHP3.1\Lib\Core\Db.class.php(604) : regexp code 第 1 行.
NOTIC: [8] Use of undefined constant tsc_ - assumed 'tsc_' G:\LocalWeb\ThinkPHP3.1\Lib\Core\Db.class.php(604) : regexp code 第 1 行.
NOTIC: [8] Use of undefined constant tsc_ - assumed 'tsc_' G:\LocalWeb\ThinkPHP3.1\Lib\Core\Db.class.php(604) : regexp code 第 1 行.
SQL: SELECT tsc_answered.id,tsc_answered.question,tsc_answered.answer,tsc_course.title,tsc_course.id as cid,tsc_teacher.username as teacher,tsc_student.username as student FROM `tsc_answered` LEFT JOIN tsc_course ON tsc_answered.cid = tsc_course.id LEFT JOIN tsc_teacher ON tsc_course.tid = tsc_teacher.id LEFT JOIN tsc_student ON tsc_answered.sid = tsc_student.id WHERE ( tsc_answered.cid = '' ) AND ( tsc_answered.sid = '1' ) ORDER BY updatetime desc LIMIT 0,20   [ RunTime:0.000467s ]

[ 2017-05-16T17:14:53+08:00 ] 127.0.0.1 /student.php/Index/getAnsweredList
INFO: [ route_check ] --START--
INFO: CheckRoute Behavior ::run [ RunTime:0.000559s ]
INFO: [ route_check ] --END-- [ RunTime:0.000619s ]
NOTIC: [8192] preg_replace(): The /e modifier is deprecated, use preg_replace_callback instead G:\LocalWeb\ThinkPHP3.1\Lib\Core\Dispatcher.class.php 第 132 行.
INFO: [ app_begin ] --START--
INFO: ReadHtmlCache Behavior ::run [ RunTime:0.000511s ]
INFO: [ app_begin ] --END-- [ RunTime:0.000553s ]
NOTIC: [8] Undefined variable: cid G:\LocalWeb\test4\Student\Lib\Action\IndexAction.class.php 第 57 行.
NOTIC: [8192] mysql_connect(): The mysql extension is deprecated and will be removed in the future: use mysqli or PDO instead G:\LocalWeb\ThinkPHP3.1\Lib\Driver\Db\DbMysql.class.php 第 55 行.
SQL: SHOW COLUMNS FROM `tsc_answered` [ RunTime:0.002455s ]
NOTIC: [8192] preg_replace(): The /e modifier is deprecated, use preg_replace_callback instead G:\LocalWeb\ThinkPHP3.1\Lib\Core\Db.class.php 第 604 行.
NOTIC: [8] Use of undefined constant tsc_ - assumed 'tsc_' G:\LocalWeb\ThinkPHP3.1\Lib\Core\Db.class.php(604) : regexp code 第 1 行.
NOTIC: [8] Use of undefined constant tsc_ - assumed 'tsc_' G:\LocalWeb\ThinkPHP3.1\Lib\Core\Db.class.php(604) : regexp code 第 1 行.
NOTIC: [8] Use of undefined constant tsc_ - assumed 'tsc_' G:\LocalWeb\ThinkPHP3.1\Lib\Core\Db.class.php(604) : regexp code 第 1 行.
NOTIC: [8] Use of undefined constant tsc_ - assumed 'tsc_' G:\LocalWeb\ThinkPHP3.1\Lib\Core\Db.class.php(604) : regexp code 第 1 行.
NOTIC: [8] Use of undefined constant tsc_ - assumed 'tsc_' G:\LocalWeb\ThinkPHP3.1\Lib\Core\Db.class.php(604) : regexp code 第 1 行.
NOTIC: [8] Use of undefined constant tsc_ - assumed 'tsc_' G:\LocalWeb\ThinkPHP3.1\Lib\Core\Db.class.php(604) : regexp code 第 1 行.
NOTIC: [8] Use of undefined constant tsc_ - assumed 'tsc_' G:\LocalWeb\ThinkPHP3.1\Lib\Core\Db.class.php(604) : regexp code 第 1 行.
NOTIC: [8] Use of undefined constant tsc_ - assumed 'tsc_' G:\LocalWeb\ThinkPHP3.1\Lib\Core\Db.class.php(604) : regexp code 第 1 行.
NOTIC: [8] Use of undefined constant tsc_ - assumed 'tsc_' G:\LocalWeb\ThinkPHP3.1\Lib\Core\Db.class.php(604) : regexp code 第 1 行.
SQL: SELECT tsc_answered.id,tsc_answered.question,tsc_answered.answer,tsc_course.title,tsc_course.id as cid,tsc_teacher.username as teacher,tsc_student.username as student FROM `tsc_answered` LEFT JOIN tsc_course ON tsc_answered.cid = tsc_course.id LEFT JOIN tsc_teacher ON tsc_course.tid = tsc_teacher.id LEFT JOIN tsc_student ON tsc_answered.sid = tsc_student.id WHERE ( tsc_answered.cid = '' ) AND ( tsc_answered.sid = '1' ) ORDER BY updatetime desc LIMIT 0,20   [ RunTime:0.000371s ]

[ 2017-05-16T17:15:12+08:00 ] 127.0.0.1 /student.php/Index/getAnsweredList
INFO: [ route_check ] --START--
INFO: CheckRoute Behavior ::run [ RunTime:0.000565s ]
INFO: [ route_check ] --END-- [ RunTime:0.000625s ]
NOTIC: [8192] preg_replace(): The /e modifier is deprecated, use preg_replace_callback instead G:\LocalWeb\ThinkPHP3.1\Lib\Core\Dispatcher.class.php 第 132 行.
INFO: [ app_begin ] --START--
INFO: ReadHtmlCache Behavior ::run [ RunTime:0.000425s ]
INFO: [ app_begin ] --END-- [ RunTime:0.000466s ]
NOTIC: [8] Undefined variable: cid G:\LocalWeb\test4\Student\Lib\Action\IndexAction.class.php 第 57 行.
NOTIC: [8192] mysql_connect(): The mysql extension is deprecated and will be removed in the future: use mysqli or PDO instead G:\LocalWeb\ThinkPHP3.1\Lib\Driver\Db\DbMysql.class.php 第 55 行.
SQL: SHOW COLUMNS FROM `tsc_answered` [ RunTime:0.033647s ]
NOTIC: [8192] preg_replace(): The /e modifier is deprecated, use preg_replace_callback instead G:\LocalWeb\ThinkPHP3.1\Lib\Core\Db.class.php 第 604 行.
NOTIC: [8] Use of undefined constant tsc_ - assumed 'tsc_' G:\LocalWeb\ThinkPHP3.1\Lib\Core\Db.class.php(604) : regexp code 第 1 行.
NOTIC: [8] Use of undefined constant tsc_ - assumed 'tsc_' G:\LocalWeb\ThinkPHP3.1\Lib\Core\Db.class.php(604) : regexp code 第 1 行.
NOTIC: [8] Use of undefined constant tsc_ - assumed 'tsc_' G:\LocalWeb\ThinkPHP3.1\Lib\Core\Db.class.php(604) : regexp code 第 1 行.
NOTIC: [8] Use of undefined constant tsc_ - assumed 'tsc_' G:\LocalWeb\ThinkPHP3.1\Lib\Core\Db.class.php(604) : regexp code 第 1 行.
NOTIC: [8] Use of undefined constant tsc_ - assumed 'tsc_' G:\LocalWeb\ThinkPHP3.1\Lib\Core\Db.class.php(604) : regexp code 第 1 行.
NOTIC: [8] Use of undefined constant tsc_ - assumed 'tsc_' G:\LocalWeb\ThinkPHP3.1\Lib\Core\Db.class.php(604) : regexp code 第 1 行.
NOTIC: [8] Use of undefined constant tsc_ - assumed 'tsc_' G:\LocalWeb\ThinkPHP3.1\Lib\Core\Db.class.php(604) : regexp code 第 1 行.
NOTIC: [8] Use of undefined constant tsc_ - assumed 'tsc_' G:\LocalWeb\ThinkPHP3.1\Lib\Core\Db.class.php(604) : regexp code 第 1 行.
NOTIC: [8] Use of undefined constant tsc_ - assumed 'tsc_' G:\LocalWeb\ThinkPHP3.1\Lib\Core\Db.class.php(604) : regexp code 第 1 行.
SQL: SELECT tsc_answered.id,tsc_answered.question,tsc_answered.answer,tsc_course.title,tsc_course.id as cid,tsc_teacher.username as teacher,tsc_student.username as student FROM `tsc_answered` LEFT JOIN tsc_course ON tsc_answered.cid = tsc_course.id LEFT JOIN tsc_teacher ON tsc_course.tid = tsc_teacher.id LEFT JOIN tsc_student ON tsc_answered.sid = tsc_student.id WHERE ( tsc_answered.cid = '' ) AND ( tsc_answered.sid = '1' ) ORDER BY updatetime desc LIMIT 0,20   [ RunTime:0.000349s ]

[ 2017-05-16T17:15:14+08:00 ] 127.0.0.1 /student.php/Index/getAnsweredList
INFO: [ route_check ] --START--
INFO: CheckRoute Behavior ::run [ RunTime:0.000553s ]
INFO: [ route_check ] --END-- [ RunTime:0.000612s ]
NOTIC: [8192] preg_replace(): The /e modifier is deprecated, use preg_replace_callback instead G:\LocalWeb\ThinkPHP3.1\Lib\Core\Dispatcher.class.php 第 132 行.
INFO: [ app_begin ] --START--
INFO: ReadHtmlCache Behavior ::run [ RunTime:0.000434s ]
INFO: [ app_begin ] --END-- [ RunTime:0.000476s ]
NOTIC: [8] Undefined variable: cid G:\LocalWeb\test4\Student\Lib\Action\IndexAction.class.php 第 57 行.
NOTIC: [8192] mysql_connect(): The mysql extension is deprecated and will be removed in the future: use mysqli or PDO instead G:\LocalWeb\ThinkPHP3.1\Lib\Driver\Db\DbMysql.class.php 第 55 行.
SQL: SHOW COLUMNS FROM `tsc_answered` [ RunTime:0.002419s ]
NOTIC: [8192] preg_replace(): The /e modifier is deprecated, use preg_replace_callback instead G:\LocalWeb\ThinkPHP3.1\Lib\Core\Db.class.php 第 604 行.
NOTIC: [8] Use of undefined constant tsc_ - assumed 'tsc_' G:\LocalWeb\ThinkPHP3.1\Lib\Core\Db.class.php(604) : regexp code 第 1 行.
NOTIC: [8] Use of undefined constant tsc_ - assumed 'tsc_' G:\LocalWeb\ThinkPHP3.1\Lib\Core\Db.class.php(604) : regexp code 第 1 行.
NOTIC: [8] Use of undefined constant tsc_ - assumed 'tsc_' G:\LocalWeb\ThinkPHP3.1\Lib\Core\Db.class.php(604) : regexp code 第 1 行.
NOTIC: [8] Use of undefined constant tsc_ - assumed 'tsc_' G:\LocalWeb\ThinkPHP3.1\Lib\Core\Db.class.php(604) : regexp code 第 1 行.
NOTIC: [8] Use of undefined constant tsc_ - assumed 'tsc_' G:\LocalWeb\ThinkPHP3.1\Lib\Core\Db.class.php(604) : regexp code 第 1 行.
NOTIC: [8] Use of undefined constant tsc_ - assumed 'tsc_' G:\LocalWeb\ThinkPHP3.1\Lib\Core\Db.class.php(604) : regexp code 第 1 行.
NOTIC: [8] Use of undefined constant tsc_ - assumed 'tsc_' G:\LocalWeb\ThinkPHP3.1\Lib\Core\Db.class.php(604) : regexp code 第 1 行.
NOTIC: [8] Use of undefined constant tsc_ - assumed 'tsc_' G:\LocalWeb\ThinkPHP3.1\Lib\Core\Db.class.php(604) : regexp code 第 1 行.
NOTIC: [8] Use of undefined constant tsc_ - assumed 'tsc_' G:\LocalWeb\ThinkPHP3.1\Lib\Core\Db.class.php(604) : regexp code 第 1 行.
SQL: SELECT tsc_answered.id,tsc_answered.question,tsc_answered.answer,tsc_course.title,tsc_course.id as cid,tsc_teacher.username as teacher,tsc_student.username as student FROM `tsc_answered` LEFT JOIN tsc_course ON tsc_answered.cid = tsc_course.id LEFT JOIN tsc_teacher ON tsc_course.tid = tsc_teacher.id LEFT JOIN tsc_student ON tsc_answered.sid = tsc_student.id WHERE ( tsc_answered.cid = '' ) AND ( tsc_answered.sid = '1' ) ORDER BY updatetime desc LIMIT 0,20   [ RunTime:0.000331s ]

[ 2017-05-16T17:15:31+08:00 ] 127.0.0.1 /student.php/Index/getAnsweredList
INFO: [ route_check ] --START--
INFO: CheckRoute Behavior ::run [ RunTime:0.000559s ]
INFO: [ route_check ] --END-- [ RunTime:0.000618s ]
NOTIC: [8192] preg_replace(): The /e modifier is deprecated, use preg_replace_callback instead G:\LocalWeb\ThinkPHP3.1\Lib\Core\Dispatcher.class.php 第 132 行.
INFO: [ app_begin ] --START--
INFO: ReadHtmlCache Behavior ::run [ RunTime:0.000426s ]
INFO: [ app_begin ] --END-- [ RunTime:0.000465s ]
NOTIC: [8192] mysql_connect(): The mysql extension is deprecated and will be removed in the future: use mysqli or PDO instead G:\LocalWeb\ThinkPHP3.1\Lib\Driver\Db\DbMysql.class.php 第 55 行.
SQL: SHOW COLUMNS FROM `tsc_answered` [ RunTime:0.002509s ]
NOTIC: [8192] preg_replace(): The /e modifier is deprecated, use preg_replace_callback instead G:\LocalWeb\ThinkPHP3.1\Lib\Core\Db.class.php 第 604 行.
NOTIC: [8] Use of undefined constant tsc_ - assumed 'tsc_' G:\LocalWeb\ThinkPHP3.1\Lib\Core\Db.class.php(604) : regexp code 第 1 行.
NOTIC: [8] Use of undefined constant tsc_ - assumed 'tsc_' G:\LocalWeb\ThinkPHP3.1\Lib\Core\Db.class.php(604) : regexp code 第 1 行.
NOTIC: [8] Use of undefined constant tsc_ - assumed 'tsc_' G:\LocalWeb\ThinkPHP3.1\Lib\Core\Db.class.php(604) : regexp code 第 1 行.
NOTIC: [8] Use of undefined constant tsc_ - assumed 'tsc_' G:\LocalWeb\ThinkPHP3.1\Lib\Core\Db.class.php(604) : regexp code 第 1 行.
NOTIC: [8] Use of undefined constant tsc_ - assumed 'tsc_' G:\LocalWeb\ThinkPHP3.1\Lib\Core\Db.class.php(604) : regexp code 第 1 行.
NOTIC: [8] Use of undefined constant tsc_ - assumed 'tsc_' G:\LocalWeb\ThinkPHP3.1\Lib\Core\Db.class.php(604) : regexp code 第 1 行.
NOTIC: [8] Use of undefined constant tsc_ - assumed 'tsc_' G:\LocalWeb\ThinkPHP3.1\Lib\Core\Db.class.php(604) : regexp code 第 1 行.
NOTIC: [8] Use of undefined constant tsc_ - assumed 'tsc_' G:\LocalWeb\ThinkPHP3.1\Lib\Core\Db.class.php(604) : regexp code 第 1 行.
NOTIC: [8] Use of undefined constant tsc_ - assumed 'tsc_' G:\LocalWeb\ThinkPHP3.1\Lib\Core\Db.class.php(604) : regexp code 第 1 行.
SQL: SELECT tsc_answered.id,tsc_answered.question,tsc_answered.answer,tsc_course.title,tsc_course.id as cid,tsc_teacher.username as teacher,tsc_student.username as student FROM `tsc_answered` LEFT JOIN tsc_course ON tsc_answered.cid = tsc_course.id LEFT JOIN tsc_teacher ON tsc_course.tid = tsc_teacher.id LEFT JOIN tsc_student ON tsc_answered.sid = tsc_student.id ORDER BY updatetime desc LIMIT 0,20   [ RunTime:0.040463s ]

[ 2017-05-16T17:15:37+08:00 ] 127.0.0.1 /student.php/Index/getAnsweredList
INFO: [ route_check ] --START--
INFO: CheckRoute Behavior ::run [ RunTime:0.000562s ]
INFO: [ route_check ] --END-- [ RunTime:0.000621s ]
NOTIC: [8192] preg_replace(): The /e modifier is deprecated, use preg_replace_callback instead G:\LocalWeb\ThinkPHP3.1\Lib\Core\Dispatcher.class.php 第 132 行.
INFO: [ app_begin ] --START--
INFO: ReadHtmlCache Behavior ::run [ RunTime:0.000418s ]
INFO: [ app_begin ] --END-- [ RunTime:0.000459s ]
NOTIC: [8] Undefined variable: cid G:\LocalWeb\test4\Student\Lib\Action\IndexAction.class.php 第 57 行.
NOTIC: [8192] mysql_connect(): The mysql extension is deprecated and will be removed in the future: use mysqli or PDO instead G:\LocalWeb\ThinkPHP3.1\Lib\Driver\Db\DbMysql.class.php 第 55 行.
SQL: SHOW COLUMNS FROM `tsc_answered` [ RunTime:0.002558s ]
NOTIC: [8192] preg_replace(): The /e modifier is deprecated, use preg_replace_callback instead G:\LocalWeb\ThinkPHP3.1\Lib\Core\Db.class.php 第 604 行.
NOTIC: [8] Use of undefined constant tsc_ - assumed 'tsc_' G:\LocalWeb\ThinkPHP3.1\Lib\Core\Db.class.php(604) : regexp code 第 1 行.
NOTIC: [8] Use of undefined constant tsc_ - assumed 'tsc_' G:\LocalWeb\ThinkPHP3.1\Lib\Core\Db.class.php(604) : regexp code 第 1 行.
NOTIC: [8] Use of undefined constant tsc_ - assumed 'tsc_' G:\LocalWeb\ThinkPHP3.1\Lib\Core\Db.class.php(604) : regexp code 第 1 行.
NOTIC: [8] Use of undefined constant tsc_ - assumed 'tsc_' G:\LocalWeb\ThinkPHP3.1\Lib\Core\Db.class.php(604) : regexp code 第 1 行.
NOTIC: [8] Use of undefined constant tsc_ - assumed 'tsc_' G:\LocalWeb\ThinkPHP3.1\Lib\Core\Db.class.php(604) : regexp code 第 1 行.
NOTIC: [8] Use of undefined constant tsc_ - assumed 'tsc_' G:\LocalWeb\ThinkPHP3.1\Lib\Core\Db.class.php(604) : regexp code 第 1 行.
NOTIC: [8] Use of undefined constant tsc_ - assumed 'tsc_' G:\LocalWeb\ThinkPHP3.1\Lib\Core\Db.class.php(604) : regexp code 第 1 行.
NOTIC: [8] Use of undefined constant tsc_ - assumed 'tsc_' G:\LocalWeb\ThinkPHP3.1\Lib\Core\Db.class.php(604) : regexp code 第 1 行.
NOTIC: [8] Use of undefined constant tsc_ - assumed 'tsc_' G:\LocalWeb\ThinkPHP3.1\Lib\Core\Db.class.php(604) : regexp code 第 1 行.
SQL: SELECT tsc_answered.id,tsc_answered.question,tsc_answered.answer,tsc_course.title,tsc_course.id as cid,tsc_teacher.username as teacher,tsc_student.username as student FROM `tsc_answered` LEFT JOIN tsc_course ON tsc_answered.cid = tsc_course.id LEFT JOIN tsc_teacher ON tsc_course.tid = tsc_teacher.id LEFT JOIN tsc_student ON tsc_answered.sid = tsc_student.id WHERE ( tsc_answered.cid = '' ) ORDER BY updatetime desc LIMIT 0,20   [ RunTime:0.000390s ]

[ 2017-05-16T17:15:53+08:00 ] 127.0.0.1 /student.php/Index/getAnsweredList
INFO: [ route_check ] --START--
INFO: CheckRoute Behavior ::run [ RunTime:0.000554s ]
INFO: [ route_check ] --END-- [ RunTime:0.000612s ]
NOTIC: [8192] preg_replace(): The /e modifier is deprecated, use preg_replace_callback instead G:\LocalWeb\ThinkPHP3.1\Lib\Core\Dispatcher.class.php 第 132 行.
INFO: [ app_begin ] --START--
INFO: ReadHtmlCache Behavior ::run [ RunTime:0.000421s ]
INFO: [ app_begin ] --END-- [ RunTime:0.000461s ]
NOTIC: [8192] mysql_connect(): The mysql extension is deprecated and will be removed in the future: use mysqli or PDO instead G:\LocalWeb\ThinkPHP3.1\Lib\Driver\Db\DbMysql.class.php 第 55 行.
SQL: SHOW COLUMNS FROM `tsc_answered` [ RunTime:0.002481s ]
NOTIC: [8192] preg_replace(): The /e modifier is deprecated, use preg_replace_callback instead G:\LocalWeb\ThinkPHP3.1\Lib\Core\Db.class.php 第 604 行.
NOTIC: [8] Use of undefined constant tsc_ - assumed 'tsc_' G:\LocalWeb\ThinkPHP3.1\Lib\Core\Db.class.php(604) : regexp code 第 1 行.
NOTIC: [8] Use of undefined constant tsc_ - assumed 'tsc_' G:\LocalWeb\ThinkPHP3.1\Lib\Core\Db.class.php(604) : regexp code 第 1 行.
NOTIC: [8] Use of undefined constant tsc_ - assumed 'tsc_' G:\LocalWeb\ThinkPHP3.1\Lib\Core\Db.class.php(604) : regexp code 第 1 行.
NOTIC: [8] Use of undefined constant tsc_ - assumed 'tsc_' G:\LocalWeb\ThinkPHP3.1\Lib\Core\Db.class.php(604) : regexp code 第 1 行.
NOTIC: [8] Use of undefined constant tsc_ - assumed 'tsc_' G:\LocalWeb\ThinkPHP3.1\Lib\Core\Db.class.php(604) : regexp code 第 1 行.
NOTIC: [8] Use of undefined constant tsc_ - assumed 'tsc_' G:\LocalWeb\ThinkPHP3.1\Lib\Core\Db.class.php(604) : regexp code 第 1 行.
NOTIC: [8] Use of undefined constant tsc_ - assumed 'tsc_' G:\LocalWeb\ThinkPHP3.1\Lib\Core\Db.class.php(604) : regexp code 第 1 行.
NOTIC: [8] Use of undefined constant tsc_ - assumed 'tsc_' G:\LocalWeb\ThinkPHP3.1\Lib\Core\Db.class.php(604) : regexp code 第 1 行.
NOTIC: [8] Use of undefined constant tsc_ - assumed 'tsc_' G:\LocalWeb\ThinkPHP3.1\Lib\Core\Db.class.php(604) : regexp code 第 1 行.
SQL: SELECT tsc_answered.id,tsc_answered.question,tsc_answered.answer,tsc_course.title,tsc_course.id as cid,tsc_teacher.username as teacher,tsc_student.username as student FROM `tsc_answered` LEFT JOIN tsc_course ON tsc_answered.cid = tsc_course.id LEFT JOIN tsc_teacher ON tsc_course.tid = tsc_teacher.id LEFT JOIN tsc_student ON tsc_answered.sid = tsc_student.id ORDER BY updatetime desc LIMIT 0,20   [ RunTime:0.000696s ]

[ 2017-05-16T17:16:16+08:00 ] 127.0.0.1 /student.php/Index/getNoticeList
INFO: [ route_check ] --START--
INFO: CheckRoute Behavior ::run [ RunTime:0.001466s ]
INFO: [ route_check ] --END-- [ RunTime:0.001539s ]
NOTIC: [8192] preg_replace(): The /e modifier is deprecated, use preg_replace_callback instead G:\LocalWeb\ThinkPHP3.1\Lib\Core\Dispatcher.class.php 第 132 行.
INFO: [ app_begin ] --START--
INFO: ReadHtmlCache Behavior ::run [ RunTime:0.000947s ]
INFO: [ app_begin ] --END-- [ RunTime:0.001053s ]
NOTIC: [8192] mysql_connect(): The mysql extension is deprecated and will be removed in the future: use mysqli or PDO instead G:\LocalWeb\ThinkPHP3.1\Lib\Driver\Db\DbMysql.class.php 第 55 行.
SQL: SHOW COLUMNS FROM `tsc_notice` [ RunTime:0.003039s ]
NOTIC: [8192] preg_replace(): The /e modifier is deprecated, use preg_replace_callback instead G:\LocalWeb\ThinkPHP3.1\Lib\Core\Db.class.php 第 604 行.
NOTIC: [8] Use of undefined constant tsc_ - assumed 'tsc_' G:\LocalWeb\ThinkPHP3.1\Lib\Core\Db.class.php(604) : regexp code 第 1 行.
NOTIC: [8] Use of undefined constant tsc_ - assumed 'tsc_' G:\LocalWeb\ThinkPHP3.1\Lib\Core\Db.class.php(604) : regexp code 第 1 行.
NOTIC: [8] Use of undefined constant tsc_ - assumed 'tsc_' G:\LocalWeb\ThinkPHP3.1\Lib\Core\Db.class.php(604) : regexp code 第 1 行.
NOTIC: [8] Use of undefined constant tsc_ - assumed 'tsc_' G:\LocalWeb\ThinkPHP3.1\Lib\Core\Db.class.php(604) : regexp code 第 1 行.
NOTIC: [8] Use of undefined constant tsc_ - assumed 'tsc_' G:\LocalWeb\ThinkPHP3.1\Lib\Core\Db.class.php(604) : regexp code 第 1 行.
NOTIC: [8] Use of undefined constant tsc_ - assumed 'tsc_' G:\LocalWeb\ThinkPHP3.1\Lib\Core\Db.class.php(604) : regexp code 第 1 行.
SQL: SELECT tsc_notice.id,tsc_notice.cid,tsc_course.title,tsc_notice.content,tsc_teacher.username as teacher,tsc_notice.datetime FROM `tsc_notice` LEFT JOIN tsc_course ON tsc_notice.cid = tsc_course.id LEFT JOIN tsc_teacher ON tsc_course.tid = tsc_teacher.id WHERE ( sid in (0,1) ) ORDER BY datetime desc LIMIT 0,20   [ RunTime:0.048948s ]

[ 2017-05-16T17:16:28+08:00 ] 127.0.0.1 /student.php/Index/getCourseList
INFO: [ route_check ] --START--
INFO: CheckRoute Behavior ::run [ RunTime:0.000557s ]
INFO: [ route_check ] --END-- [ RunTime:0.000616s ]
NOTIC: [8192] preg_replace(): The /e modifier is deprecated, use preg_replace_callback instead G:\LocalWeb\ThinkPHP3.1\Lib\Core\Dispatcher.class.php 第 132 行.
INFO: [ app_begin ] --START--
INFO: ReadHtmlCache Behavior ::run [ RunTime:0.000538s ]
INFO: [ app_begin ] --END-- [ RunTime:0.000595s ]
NOTIC: [8192] mysql_connect(): The mysql extension is deprecated and will be removed in the future: use mysqli or PDO instead G:\LocalWeb\ThinkPHP3.1\Lib\Driver\Db\DbMysql.class.php 第 55 行.
SQL: SHOW COLUMNS FROM `tsc_selected` [ RunTime:0.002578s ]
NOTIC: [8192] preg_replace(): The /e modifier is deprecated, use preg_replace_callback instead G:\LocalWeb\ThinkPHP3.1\Lib\Core\Db.class.php 第 604 行.
NOTIC: [8] Use of undefined constant tsc_ - assumed 'tsc_' G:\LocalWeb\ThinkPHP3.1\Lib\Core\Db.class.php(604) : regexp code 第 1 行.
NOTIC: [8] Use of undefined constant tsc_ - assumed 'tsc_' G:\LocalWeb\ThinkPHP3.1\Lib\Core\Db.class.php(604) : regexp code 第 1 行.
NOTIC: [8] Use of undefined constant tsc_ - assumed 'tsc_' G:\LocalWeb\ThinkPHP3.1\Lib\Core\Db.class.php(604) : regexp code 第 1 行.
NOTIC: [8] Use of undefined constant tsc_ - assumed 'tsc_' G:\LocalWeb\ThinkPHP3.1\Lib\Core\Db.class.php(604) : regexp code 第 1 行.
NOTIC: [8] Use of undefined constant tsc_ - assumed 'tsc_' G:\LocalWeb\ThinkPHP3.1\Lib\Core\Db.class.php(604) : regexp code 第 1 行.
NOTIC: [8] Use of undefined constant tsc_ - assumed 'tsc_' G:\LocalWeb\ThinkPHP3.1\Lib\Core\Db.class.php(604) : regexp code 第 1 行.
SQL: SELECT tsc_course.id,tsc_course.title,tsc_course.description,tsc_course.image,tsc_teacher.username as teacher FROM `tsc_selected` LEFT JOIN tsc_course ON tsc_selected.cid = tsc_course.id LEFT JOIN tsc_teacher ON tsc_course.tid = tsc_teacher.id WHERE ( sid = 1 )  [ RunTime:0.000860s ]

[ 2017-05-16T17:19:17+08:00 ] 127.0.0.1 /student.php/Index/getCourseware
INFO: [ route_check ] --START--
INFO: CheckRoute Behavior ::run [ RunTime:0.001127s ]
INFO: [ route_check ] --END-- [ RunTime:0.001210s ]
NOTIC: [8192] preg_replace(): The /e modifier is deprecated, use preg_replace_callback instead G:\LocalWeb\ThinkPHP3.1\Lib\Core\Dispatcher.class.php 第 132 行.
INFO: [ app_begin ] --START--
INFO: ReadHtmlCache Behavior ::run [ RunTime:0.000835s ]
INFO: [ app_begin ] --END-- [ RunTime:0.000904s ]
NOTIC: [8192] mysql_connect(): The mysql extension is deprecated and will be removed in the future: use mysqli or PDO instead G:\LocalWeb\ThinkPHP3.1\Lib\Driver\Db\DbMysql.class.php 第 55 行.
SQL: SHOW COLUMNS FROM `tsc_courseware` [ RunTime:0.002614s ]
NOTIC: [8192] preg_replace(): The /e modifier is deprecated, use preg_replace_callback instead G:\LocalWeb\ThinkPHP3.1\Lib\Core\Db.class.php 第 604 行.
SQL: SELECT * FROM `tsc_courseware` WHERE ( pid = 6 )  [ RunTime:0.044692s ]

[ 2017-05-16T17:21:09+08:00 ] 127.0.0.1 /student.php/Index/getHomework
INFO: [ route_check ] --START--
INFO: CheckRoute Behavior ::run [ RunTime:0.000567s ]
INFO: [ route_check ] --END-- [ RunTime:0.000625s ]
NOTIC: [8192] preg_replace(): The /e modifier is deprecated, use preg_replace_callback instead G:\LocalWeb\ThinkPHP3.1\Lib\Core\Dispatcher.class.php 第 132 行.
INFO: [ app_begin ] --START--
INFO: ReadHtmlCache Behavior ::run [ RunTime:0.000433s ]
INFO: [ app_begin ] --END-- [ RunTime:0.000474s ]
NOTIC: [8192] mysql_connect(): The mysql extension is deprecated and will be removed in the future: use mysqli or PDO instead G:\LocalWeb\ThinkPHP3.1\Lib\Driver\Db\DbMysql.class.php 第 55 行.
SQL: SHOW COLUMNS FROM `tsc_homework` [ RunTime:0.002684s ]
NOTIC: [8192] preg_replace(): The /e modifier is deprecated, use preg_replace_callback instead G:\LocalWeb\ThinkPHP3.1\Lib\Core\Db.class.php 第 604 行.
SQL: SELECT * FROM `tsc_homework` WHERE ( pid = 6 )  [ RunTime:0.037496s ]

[ 2017-05-16T17:26:58+08:00 ] 127.0.0.1 /student.php/Index/getPunchList
INFO: [ route_check ] --START--
INFO: CheckRoute Behavior ::run [ RunTime:0.001086s ]
INFO: [ route_check ] --END-- [ RunTime:0.001162s ]
NOTIC: [8192] preg_replace(): The /e modifier is deprecated, use preg_replace_callback instead G:\LocalWeb\ThinkPHP3.1\Lib\Core\Dispatcher.class.php 第 132 行.
INFO: [ app_begin ] --START--
INFO: ReadHtmlCache Behavior ::run [ RunTime:0.000607s ]
INFO: [ app_begin ] --END-- [ RunTime:0.000652s ]
NOTIC: [8192] mysql_connect(): The mysql extension is deprecated and will be removed in the future: use mysqli or PDO instead G:\LocalWeb\ThinkPHP3.1\Lib\Driver\Db\DbMysql.class.php 第 55 行.
SQL: SHOW COLUMNS FROM `tsc_punch` [ RunTime:0.002436s ]
NOTIC: [8192] preg_replace(): The /e modifier is deprecated, use preg_replace_callback instead G:\LocalWeb\ThinkPHP3.1\Lib\Core\Db.class.php 第 604 行.
SQL: SELECT * FROM `tsc_punch` WHERE ( sid = 1 and cid = 1 ) ORDER BY datetime desc  [ RunTime:0.000290s ]

[ 2017-05-16T17:27:04+08:00 ] 127.0.0.1 /student.php/Index/getPunchList
INFO: [ route_check ] --START--
INFO: CheckRoute Behavior ::run [ RunTime:0.000570s ]
INFO: [ route_check ] --END-- [ RunTime:0.000632s ]
NOTIC: [8192] preg_replace(): The /e modifier is deprecated, use preg_replace_callback instead G:\LocalWeb\ThinkPHP3.1\Lib\Core\Dispatcher.class.php 第 132 行.
INFO: [ app_begin ] --START--
INFO: ReadHtmlCache Behavior ::run [ RunTime:0.000436s ]
INFO: [ app_begin ] --END-- [ RunTime:0.000478s ]
NOTIC: [8192] mysql_connect(): The mysql extension is deprecated and will be removed in the future: use mysqli or PDO instead G:\LocalWeb\ThinkPHP3.1\Lib\Driver\Db\DbMysql.class.php 第 55 行.
SQL: SHOW COLUMNS FROM `tsc_student` [ RunTime:0.002453s ]
NOTIC: [8192] preg_replace(): The /e modifier is deprecated, use preg_replace_callback instead G:\LocalWeb\ThinkPHP3.1\Lib\Core\Db.class.php 第 604 行.
SQL: SELECT `id` FROM `tsc_student` WHERE ( username="student" and password="e10adc3949ba59abbe56e057f20f883e" ) LIMIT 1   [ RunTime:0.000229s ]

[ 2017-05-16T17:27:06+08:00 ] 127.0.0.1 /student.php/Index/getPunchList
INFO: [ route_check ] --START--
INFO: CheckRoute Behavior ::run [ RunTime:0.000568s ]
INFO: [ route_check ] --END-- [ RunTime:0.000630s ]
NOTIC: [8192] preg_replace(): The /e modifier is deprecated, use preg_replace_callback instead G:\LocalWeb\ThinkPHP3.1\Lib\Core\Dispatcher.class.php 第 132 行.
INFO: [ app_begin ] --START--
INFO: ReadHtmlCache Behavior ::run [ RunTime:0.000485s ]
INFO: [ app_begin ] --END-- [ RunTime:0.000533s ]
NOTIC: [8192] mysql_connect(): The mysql extension is deprecated and will be removed in the future: use mysqli or PDO instead G:\LocalWeb\ThinkPHP3.1\Lib\Driver\Db\DbMysql.class.php 第 55 行.
SQL: SHOW COLUMNS FROM `tsc_punch` [ RunTime:0.002768s ]
NOTIC: [8192] preg_replace(): The /e modifier is deprecated, use preg_replace_callback instead G:\LocalWeb\ThinkPHP3.1\Lib\Core\Db.class.php 第 604 行.
SQL: SELECT * FROM `tsc_punch` WHERE ( sid = 2 and cid = 1 ) ORDER BY datetime desc  [ RunTime:0.000301s ]

[ 2017-05-16T17:29:27+08:00 ] 127.0.0.1 /student.php/Index/getPunchList
INFO: [ route_check ] --START--
INFO: CheckRoute Behavior ::run [ RunTime:0.000998s ]
INFO: [ route_check ] --END-- [ RunTime:0.001062s ]
NOTIC: [8192] preg_replace(): The /e modifier is deprecated, use preg_replace_callback instead G:\LocalWeb\ThinkPHP3.1\Lib\Core\Dispatcher.class.php 第 132 行.
INFO: [ app_begin ] --START--
INFO: ReadHtmlCache Behavior ::run [ RunTime:0.000751s ]
INFO: [ app_begin ] --END-- [ RunTime:0.000815s ]
NOTIC: [8192] mysql_connect(): The mysql extension is deprecated and will be removed in the future: use mysqli or PDO instead G:\LocalWeb\ThinkPHP3.1\Lib\Driver\Db\DbMysql.class.php 第 55 行.
SQL: SHOW COLUMNS FROM `tsc_student` [ RunTime:0.002535s ]
NOTIC: [8192] preg_replace(): The /e modifier is deprecated, use preg_replace_callback instead G:\LocalWeb\ThinkPHP3.1\Lib\Core\Db.class.php 第 604 行.
SQL: SELECT `id` FROM `tsc_student` WHERE ( username="test" and password="e10adc3949ba59abbe56e057f20f883e" ) LIMIT 1   [ RunTime:0.000190s ]

[ 2017-05-16T17:29:35+08:00 ] 127.0.0.1 /student.php/Index/punchCard
INFO: [ route_check ] --START--
INFO: CheckRoute Behavior ::run [ RunTime:0.000555s ]
INFO: [ route_check ] --END-- [ RunTime:0.000615s ]
NOTIC: [8192] preg_replace(): The /e modifier is deprecated, use preg_replace_callback instead G:\LocalWeb\ThinkPHP3.1\Lib\Core\Dispatcher.class.php 第 132 行.
INFO: [ app_begin ] --START--
INFO: ReadHtmlCache Behavior ::run [ RunTime:0.000425s ]
INFO: [ app_begin ] --END-- [ RunTime:0.000466s ]
NOTIC: [8192] mysql_connect(): The mysql extension is deprecated and will be removed in the future: use mysqli or PDO instead G:\LocalWeb\ThinkPHP3.1\Lib\Driver\Db\DbMysql.class.php 第 55 行.
SQL: SHOW COLUMNS FROM `tsc_course` [ RunTime:0.002615s ]
NOTIC: [8192] preg_replace(): The /e modifier is deprecated, use preg_replace_callback instead G:\LocalWeb\ThinkPHP3.1\Lib\Core\Db.class.php 第 604 行.
SQL: SELECT * FROM `tsc_course` WHERE ( allowed = 1 and id = 1 )  [ RunTime:0.000213s ]
SQL: SHOW COLUMNS FROM `tsc_punch` [ RunTime:0.002178s ]
SQL: INSERT INTO `tsc_punch` (`sid`,`cid`,`datetime`) VALUES (1,1,'2017-05-16 17:29:35') [ RunTime:0.081003s ]

[ 2017-05-16T17:32:22+08:00 ] 127.0.0.1 /student.php/Index/postQuestion
INFO: [ route_check ] --START--
INFO: CheckRoute Behavior ::run [ RunTime:0.001199s ]
INFO: [ route_check ] --END-- [ RunTime:0.001275s ]
NOTIC: [8192] preg_replace(): The /e modifier is deprecated, use preg_replace_callback instead G:\LocalWeb\ThinkPHP3.1\Lib\Core\Dispatcher.class.php 第 132 行.
INFO: [ app_begin ] --START--
INFO: ReadHtmlCache Behavior ::run [ RunTime:0.000590s ]
INFO: [ app_begin ] --END-- [ RunTime:0.000634s ]
NOTIC: [8192] mysql_connect(): The mysql extension is deprecated and will be removed in the future: use mysqli or PDO instead G:\LocalWeb\ThinkPHP3.1\Lib\Driver\Db\DbMysql.class.php 第 55 行.
SQL: SHOW COLUMNS FROM `tsc_answered` [ RunTime:0.002520s ]
SQL: INSERT INTO `tsc_answered` (`sid`,`cid`,`question`,`updatetime`) VALUES (1,1,'问题问题','2017-05-16 17:32:22') [ RunTime:0.080800s ]

