[ 2017-05-22T22:57:02+08:00 ] 127.0.0.1 /student.php/Index/postQuestion
INFO: [ route_check ] --START--
INFO: CheckRoute Behavior ::run [ RunTime:0.000793s ]
INFO: [ route_check ] --END-- [ RunTime:0.000848s ]
NOTIC: [8192] preg_replace(): The /e modifier is deprecated, use preg_replace_callback instead G:\LocalWeb\ThinkPHP3.1\Lib\Core\Dispatcher.class.php 第 132 行.
INFO: [ app_begin ] --START--
INFO: ReadHtmlCache Behavior ::run [ RunTime:0.000669s ]
INFO: [ app_begin ] --END-- [ RunTime:0.000728s ]
NOTIC: [8192] mysql_connect(): The mysql extension is deprecated and will be removed in the future: use mysqli or PDO instead G:\LocalWeb\ThinkPHP3.1\Lib\Driver\Db\DbMysql.class.php 第 55 行.
SQL: SHOW COLUMNS FROM `tsc_student` [ RunTime:0.002395s ]
NOTIC: [8192] preg_replace(): The /e modifier is deprecated, use preg_replace_callback instead G:\LocalWeb\ThinkPHP3.1\Lib\Core\Db.class.php 第 604 行.
SQL: SELECT `id` FROM `tsc_student` WHERE ( username="test" and password="e10adc3949ba59abbe56e057f20f883e" ) LIMIT 1   [ RunTime:0.000206s ]

[ 2017-05-22T22:57:15+08:00 ] 127.0.0.1 /student.php/Index/postQuestion
INFO: [ route_check ] --START--
INFO: CheckRoute Behavior ::run [ RunTime:0.000436s ]
INFO: [ route_check ] --END-- [ RunTime:0.000484s ]
NOTIC: [8192] preg_replace(): The /e modifier is deprecated, use preg_replace_callback instead G:\LocalWeb\ThinkPHP3.1\Lib\Core\Dispatcher.class.php 第 132 行.
INFO: [ app_begin ] --START--
INFO: ReadHtmlCache Behavior ::run [ RunTime:0.000328s ]
INFO: [ app_begin ] --END-- [ RunTime:0.000359s ]

[ 2017-05-22T22:57:30+08:00 ] 127.0.0.1 /student.php/Index/postScore
INFO: [ route_check ] --START--
INFO: CheckRoute Behavior ::run [ RunTime:0.000431s ]
INFO: [ route_check ] --END-- [ RunTime:0.000478s ]
NOTIC: [8192] preg_replace(): The /e modifier is deprecated, use preg_replace_callback instead G:\LocalWeb\ThinkPHP3.1\Lib\Core\Dispatcher.class.php 第 132 行.
INFO: [ app_begin ] --START--
INFO: ReadHtmlCache Behavior ::run [ RunTime:0.000345s ]
INFO: [ app_begin ] --END-- [ RunTime:0.000377s ]
NOTIC: [8192] mysql_connect(): The mysql extension is deprecated and will be removed in the future: use mysqli or PDO instead G:\LocalWeb\ThinkPHP3.1\Lib\Driver\Db\DbMysql.class.php 第 55 行.
SQL: SHOW COLUMNS FROM `tsc_score` [ RunTime:0.002080s ]
SQL: INSERT INTO `tsc_score` (`sid`,`pid`,`datetime`,`score`) VALUES (1,6,'2017-05-22 22:57:30',10) [ RunTime:0.113239s ]
ERR: 1062:Duplicate entry '1-6' for key 'unique score'
 [ SQL语句 ] : INSERT INTO `tsc_score` (`sid`,`pid`,`datetime`,`score`) VALUES (1,6,'2017-05-22 22:57:30',10)

[ 2017-05-22T22:57:42+08:00 ] 127.0.0.1 /student.php/Index/postScore
INFO: [ route_check ] --START--
INFO: CheckRoute Behavior ::run [ RunTime:0.000431s ]
INFO: [ route_check ] --END-- [ RunTime:0.000477s ]
NOTIC: [8192] preg_replace(): The /e modifier is deprecated, use preg_replace_callback instead G:\LocalWeb\ThinkPHP3.1\Lib\Core\Dispatcher.class.php 第 132 行.
INFO: [ app_begin ] --START--
INFO: ReadHtmlCache Behavior ::run [ RunTime:0.000328s ]
INFO: [ app_begin ] --END-- [ RunTime:0.000361s ]
NOTIC: [8192] mysql_connect(): The mysql extension is deprecated and will be removed in the future: use mysqli or PDO instead G:\LocalWeb\ThinkPHP3.1\Lib\Driver\Db\DbMysql.class.php 第 55 行.
SQL: SHOW COLUMNS FROM `tsc_score` [ RunTime:0.002102s ]
SQL: INSERT INTO `tsc_score` (`sid`,`pid`,`datetime`,`score`) VALUES (1,6,'2017-05-22 22:57:42',10) [ RunTime:0.068949s ]

